PRT1
36
60
4 0 3 (2496 2048 2560 ) (2048 2048 2560 ) (2048 2048 -64 ) (2496 2048 -64 ) 
4 0 1 (2048 2048 -64 ) (2048 2048 2560 ) (2048 2560 2560 ) (2048 2560 -64 ) 
4 1 5 (2048 2048 -64 ) (2048 2048 2560 ) (1024 2048 2560 ) (1024 2048 -64 ) 
4 1 2 (1024 2048 -64 ) (1024 2048 2560 ) (1024 2560 2560 ) (1024 2560 -64 ) 
4 2 9 (0 2048 -64 ) (0 2048 2560 ) (0 2560 2560 ) (0 2560 -64 ) 
4 2 6 (1024 2048 -64 ) (1024 2048 2560 ) (0 2048 2560 ) (0 2048 -64 ) 
4 3 5 (2048 2048 2560 ) (2048 2048 -64 ) (2048 1024 -64 ) (2048 1024 2560 ) 
4 3 4 (2496 1024 2560 ) (2048 1024 2560 ) (2048 1024 -64 ) (2496 1024 -64 ) 
4 4 18 (2496 0 2560 ) (2048 0 2560 ) (2048 0 -64 ) (2496 0 -64 ) 
4 4 7 (2048 0 -64 ) (2048 0 2560 ) (2048 1024 2560 ) (2048 1024 -64 ) 
4 5 7 (2048 1024 -64 ) (2048 1024 2560 ) (1024 1024 2560 ) (1024 1024 -64 ) 
4 5 6 (1024 2048 2560 ) (1024 2048 -64 ) (1024 1024 -64 ) (1024 1024 2560 ) 
4 6 12 (0 1024 -64 ) (0 1024 2560 ) (0 2048 2560 ) (0 2048 -64 ) 
4 6 8 (1024 1024 -64 ) (1024 1024 2560 ) (0 1024 2560 ) (0 1024 -64 ) 
4 7 20 (2048 0 -64 ) (2048 0 2560 ) (1024 0 2560 ) (1024 0 -64 ) 
4 7 8 (1024 1024 2560 ) (1024 1024 -64 ) (1024 0 -64 ) (1024 0 2560 ) 
4 8 21 (1024 0 -64 ) (1024 0 2560 ) (0 0 2560 ) (0 0 -64 ) 
4 8 14 (0 0 -64 ) (0 0 2560 ) (0 1024 2560 ) (0 1024 -64 ) 
4 9 12 (0 2048 -64 ) (0 2048 2560 ) (-1024 2048 2560 ) (-1024 2048 -64 ) 
4 9 10 (-1024 2048 -64 ) (-1024 2048 2560 ) (-1024 2560 2560 ) (-1024 2560 -64 ) 
4 10 13 (-1024 2048 -64 ) (-1024 2048 2560 ) (-2048 2048 2560 ) (-2048 2048 -64 ) 
4 10 11 (-2048 2048 -64 ) (-2048 2048 2560 ) (-2048 2560 2560 ) (-2048 2560 -64 ) 
4 11 16 (-2048 2048 -64 ) (-2048 2048 2560 ) (-2560 2048 2560 ) (-2560 2048 -64 ) 
4 12 14 (0 1024 -64 ) (0 1024 2560 ) (-1024 1024 2560 ) (-1024 1024 -64 ) 
4 12 13 (-1024 2048 2560 ) (-1024 2048 -64 ) (-1024 1024 -64 ) (-1024 1024 2560 ) 
4 13 16 (-2048 2048 2560 ) (-2048 2048 -64 ) (-2048 1024 -64 ) (-2048 1024 2560 ) 
4 13 15 (-1024 1024 -64 ) (-1024 1024 2560 ) (-2048 1024 2560 ) (-2048 1024 -64 ) 
4 14 27 (0 0 -64 ) (0 0 2560 ) (-1024 0 2560 ) (-1024 0 -64 ) 
4 14 15 (-1024 1024 2560 ) (-1024 1024 -64 ) (-1024 0 -64 ) (-1024 0 2560 ) 
4 15 28 (-1024 0 -64 ) (-1024 0 2560 ) (-2048 0 2560 ) (-2048 0 -64 ) 
4 15 17 (-2048 0 -64 ) (-2048 0 2560 ) (-2048 1024 2560 ) (-2048 1024 -64 ) 
4 16 17 (-2048 1024 -64 ) (-2048 1024 2560 ) (-2560 1024 2560 ) (-2560 1024 -64 ) 
4 17 31 (-2048 0 -64 ) (-2048 0 2560 ) (-2560 0 2560 ) (-2560 0 -64 ) 
4 18 20 (2048 0 2560 ) (2048 0 -64 ) (2048 -1024 -64 ) (2048 -1024 2560 ) 
4 18 19 (2496 -1024 2560 ) (2048 -1024 2560 ) (2048 -1024 -64 ) (2496 -1024 -64 ) 
4 19 24 (2496 -2048 2560 ) (2048 -2048 2560 ) (2048 -2048 -64 ) (2496 -2048 -64 ) 
4 19 22 (2048 -2048 -64 ) (2048 -2048 2560 ) (2048 -1024 2560 ) (2048 -1024 -64 ) 
4 20 22 (2048 -1024 -64 ) (2048 -1024 2560 ) (1024 -1024 2560 ) (1024 -1024 -64 ) 
4 20 21 (1024 0 2560 ) (1024 0 -64 ) (1024 -1024 -64 ) (1024 -1024 2560 ) 
4 21 27 (0 0 2560 ) (0 0 -64 ) (0 -1024 -64 ) (0 -1024 2560 ) 
4 21 23 (1024 -1024 -64 ) (1024 -1024 2560 ) (0 -1024 2560 ) (0 -1024 -64 ) 
4 22 25 (2048 -2048 -64 ) (2048 -2048 2560 ) (1024 -2048 2560 ) (1024 -2048 -64 ) 
4 22 23 (1024 -1024 2560 ) (1024 -1024 -64 ) (1024 -2048 -64 ) (1024 -2048 2560 ) 
4 23 29 (0 -2048 -64 ) (0 -2048 2560 ) (0 -1024 2560 ) (0 -1024 -64 ) 
4 23 26 (1024 -2048 -64 ) (1024 -2048 2560 ) (0 -2048 2560 ) (0 -2048 -64 ) 
4 24 25 (2048 -2048 2560 ) (2048 -2048 -64 ) (2048 -2560 -64 ) (2048 -2560 2560 ) 
4 25 26 (1024 -2048 2560 ) (1024 -2048 -64 ) (1024 -2560 -64 ) (1024 -2560 2560 ) 
4 26 33 (0 -2560 -64 ) (0 -2560 2560 ) (0 -2048 2560 ) (0 -2048 -64 ) 
4 27 29 (0 -1024 -64 ) (0 -1024 2560 ) (-1024 -1024 2560 ) (-1024 -1024 -64 ) 
4 27 28 (-1024 0 2560 ) (-1024 0 -64 ) (-1024 -1024 -64 ) (-1024 -1024 2560 ) 
4 28 31 (-2048 0 2560 ) (-2048 0 -64 ) (-2048 -1024 -64 ) (-2048 -1024 2560 ) 
4 28 30 (-1024 -1024 -64 ) (-1024 -1024 2560 ) (-2048 -1024 2560 ) (-2048 -1024 -64 ) 
4 29 33 (0 -2048 -64 ) (0 -2048 2560 ) (-1024 -2048 2560 ) (-1024 -2048 -64 ) 
4 29 30 (-1024 -1024 2560 ) (-1024 -1024 -64 ) (-1024 -2048 -64 ) (-1024 -2048 2560 ) 
4 30 34 (-1024 -2048 -64 ) (-1024 -2048 2560 ) (-2048 -2048 2560 ) (-2048 -2048 -64 ) 
4 30 32 (-2048 -2048 -64 ) (-2048 -2048 2560 ) (-2048 -1024 2560 ) (-2048 -1024 -64 ) 
4 31 32 (-2048 -1024 -64 ) (-2048 -1024 2560 ) (-2560 -1024 2560 ) (-2560 -1024 -64 ) 
4 32 35 (-2048 -2048 -64 ) (-2048 -2048 2560 ) (-2560 -2048 2560 ) (-2560 -2048 -64 ) 
4 33 34 (-1024 -2048 2560 ) (-1024 -2048 -64 ) (-1024 -2560 -64 ) (-1024 -2560 2560 ) 
4 34 35 (-2048 -2048 2560 ) (-2048 -2048 -64 ) (-2048 -2560 -64 ) (-2048 -2560 2560 ) 
