PRT1
55
112
4 0 25 (-748 3420 197 ) (-748 3495 197 ) (-713 3495 197 ) (-713 3420 197 ) 
4 0 22 (-748 3495 197 ) (-748 3628 197 ) (-713 3628 197 ) (-713 3495 197 ) 
4 0 21 (-748 3628 197 ) (-748 3684 197 ) (-713 3684 197 ) (-713 3628 197 ) 
4 0 19 (-557 3420 197 ) (-581 3420 197 ) (-581 3649 197 ) (-557 3649 197 ) 
4 0 20 (-581 3420 197 ) (-713 3420 197 ) (-713 3649 197 ) (-581 3649 197 ) 
4 0 17 (-713 3684 197 ) (-557 3684 197 ) (-557 3649 197 ) (-713 3649 197 ) 
4 0 4 (-748 3683 197 ) (-748 3420 197 ) (-748 3420 273 ) (-748 3683 273 ) 
4 0 3 (-748 3684 197 ) (-748 3683 197 ) (-748 3683 216 ) (-748 3684 216 ) 
4 0 1 (-748 3683 260 ) (-748 3683 273 ) (-748 3684 273 ) (-748 3684 260 ) 
4 1 6 (-792 3683 260 ) (-792 3683 273 ) (-792 3684 273 ) (-792 3684 260 ) 
4 1 4 (-792 3683 273 ) (-792 3683 260 ) (-748 3683 260 ) (-748 3683 273 ) 
4 2 4 (-750 3683 258 ) (-790 3683 258 ) (-790 3683 218 ) (-750 3683 218 ) 
4 3 21 (-792 3683 197 ) (-792 3684 197 ) (-748 3684 197 ) (-748 3683 197 ) 
4 3 6 (-792 3684 197 ) (-792 3683 197 ) (-792 3683 216 ) (-792 3684 216 ) 
4 3 4 (-792 3683 216 ) (-792 3683 197 ) (-748 3683 197 ) (-748 3683 216 ) 
4 4 25 (-792 3420 197 ) (-792 3495 197 ) (-748 3495 197 ) (-748 3420 197 ) 
4 4 22 (-792 3495 197 ) (-792 3628 197 ) (-748 3628 197 ) (-748 3495 197 ) 
4 4 21 (-792 3628 197 ) (-792 3683 197 ) (-748 3683 197 ) (-748 3628 197 ) 
4 4 6 (-792 3683 197 ) (-792 3420 197 ) (-792 3420 273 ) (-792 3683 273 ) 
4 5 10 (-944 4010 197 ) (-793 4010 197 ) (-793 3700 197 ) (-944 3700 197 ) 
4 6 25 (-979 3420 197 ) (-979 3495 197 ) (-792 3495 197 ) (-792 3420 197 ) 
4 6 22 (-979 3495 197 ) (-979 3628 197 ) (-792 3628 197 ) (-792 3495 197 ) 
4 6 21 (-979 3628 197 ) (-979 3684 197 ) (-792 3684 197 ) (-792 3628 197 ) 
4 6 8 (-979 3495 197 ) (-979 3420 197 ) (-979 3420 273 ) (-979 3495 273 ) 
4 6 7 (-979 3627 197 ) (-979 3495 197 ) (-979 3495 273 ) (-979 3627 273 ) 
4 7 43 (-1024 3495 273 ) (-1024 3627 273 ) (-1024 3627 197 ) (-1024 3495 197 ) 
4 7 24 (-1024 3495 197 ) (-1024 3627 197 ) (-982 3627 197 ) (-982 3495 197 ) 
4 7 23 (-982 3627 197 ) (-979 3627 197 ) (-979 3495 197 ) (-982 3495 197 ) 
4 7 8 (-981 3495 197 ) (-979 3495 197 ) (-979 3495 273 ) (-981 3495 273 ) 
4 8 25 (-981 3495 197 ) (-979 3495 197 ) (-979 3420 197 ) (-981 3420 197 ) 
4 9 12 (-733 3700 32 ) (-605 3700 32 ) (-605 3700 144 ) (-733 3700 144 ) 
4 10 13 (-933 3700 32 ) (-804 3700 32 ) (-804 3700 144 ) (-933 3700 144 ) 
4 11 12 (-733 3689 144 ) (-733 3695 144 ) (-605 3695 144 ) (-605 3689 144 ) 
4 12 21 (-733 3684 32 ) (-713 3684 32 ) (-713 3684 144 ) (-733 3684 144 ) 
4 12 17 (-713 3684 32 ) (-605 3684 32 ) (-605 3684 144 ) (-713 3684 144 ) 
4 13 21 (-933 3684 32 ) (-804 3684 32 ) (-804 3684 144 ) (-933 3684 144 ) 
4 14 15 (-500 3481 151 ) (-500 3481 32 ) (-492 3481 32 ) (-492 3481 151 ) 
4 14 16 (-500 3649 151 ) (-500 3649 32 ) (-500 3481 32 ) (-500 3481 151 ) 
4 15 16 (-500 3453 32 ) (-500 3453 161 ) (-500 3481 161 ) (-500 3481 32 ) 
4 16 18 (-556 3649 32 ) (-556 3454 32 ) (-556 3454 161 ) (-556 3649 161 ) 
4 17 21 (-713 3684 197 ) (-713 3684 32 ) (-713 3649 32 ) (-713 3649 197 ) 
4 17 19 (-581 3649 32 ) (-557 3649 32 ) (-557 3649 197 ) (-581 3649 197 ) 
4 17 20 (-713 3649 197 ) (-713 3649 32 ) (-581 3649 32 ) (-581 3649 197 ) 
4 18 19 (-557 3649 161 ) (-557 3649 32 ) (-557 3454 32 ) (-557 3454 161 ) 
4 19 20 (-581 3649 197 ) (-581 3649 32 ) (-581 3134.300293 32 ) (-581 3134.300293 197 ) 
4 20 35 (-713 3072 32 ) (-581 3072 32 ) (-581 3072 197 ) (-713 3072 197 ) 
4 20 27 (-713 3416.700195 32 ) (-713 3413.400146 32 ) (-713 3413.400146 197 ) (-713 3416.700195 197 ) 
4 20 26 (-713 3420 32 ) (-713 3416.700195 32 ) (-713 3416.700195 197 ) (-713 3420 197 ) 
4 20 25 (-713 3495 32 ) (-713 3420 32 ) (-713 3420 197 ) (-713 3495 197 ) 
4 20 22 (-713 3628 32 ) (-713 3495 32 ) (-713 3495 197 ) (-713 3628 197 ) 
4 20 21 (-713 3649 32 ) (-713 3628 32 ) (-713 3628 197 ) (-713 3649 197 ) 
4 21 22 (-979 3628 32 ) (-713 3628 32 ) (-713 3628 197 ) (-979 3628 197 ) 
4 22 25 (-979 3495 32 ) (-713 3495 32 ) (-713 3495 197 ) (-979 3495 197 ) 
4 22 23 (-979 3627 32 ) (-979 3495 32 ) (-979 3495 197 ) (-979 3627 197 ) 
4 23 25 (-981 3495 32 ) (-979 3495 32 ) (-979 3495 197 ) (-981 3495 197 ) 
4 23 24 (-982 3495 36 ) (-982 3495 197 ) (-982 3627 197 ) (-982 3627 36 ) 
4 24 53 (-1024 3495 197 ) (-1024 3534 197 ) (-1024 3534 36 ) (-1024 3495 36 ) 
4 24 50 (-1024 3584 145 ) (-1024 3584 36 ) (-1024 3534 36 ) (-1024 3534 145 ) 
4 24 48 (-1024 3534 197 ) (-1024 3584 197 ) (-1024 3584 145 ) (-1024 3534 145 ) 
4 24 46 (-1024 3584 197 ) (-1024 3627 197 ) (-1024 3627 36 ) (-1024 3584 36 ) 
4 25 26 (-719.599609 3420 32 ) (-713 3420 32 ) (-713 3420 197 ) (-719.599670 3420 197 ) 
4 26 27 (-715.199402 3417.798828 32 ) (-713 3416.699219 32 ) (-713 3416.699219 197 ) (-715.199402 3417.798828 197 ) 
4 28 31 (-441 2772 80 ) (-441 2772 102 ) (-441 2811 102 ) (-441 2811 80 ) 
4 28 30 (-441 2772 102 ) (-441 2772 172 ) (-441 2811 172 ) (-441 2811 102 ) 
4 28 32 (-441 2811 29 ) (-441 2772 29 ) (-441 2772 80 ) (-441 2811 80 ) 
4 28 29 (-441 2827 172 ) (-441 2827 29 ) (-441 2811 29 ) (-441 2811 172 ) 
4 28 33 (-441 2772 29 ) (-441 2771 29 ) (-441 2771 172 ) (-441 2772 172 ) 
4 29 31 (-442 2811 102 ) (-442 2811 80 ) (-441 2811 80 ) (-441 2811 102 ) 
4 29 30 (-442 2811 172 ) (-442 2811 102 ) (-441 2811 102 ) (-441 2811 172 ) 
4 29 32 (-442 2811 80 ) (-442 2811 29 ) (-441 2811 29 ) (-441 2811 80 ) 
4 29 34 (-442 2827 172 ) (-442 2827 29 ) (-442 2811 29 ) (-442 2811 172 ) 
4 30 33 (-442 2772 172 ) (-442 2772 102 ) (-441 2772 102 ) (-441 2772 172 ) 
4 30 34 (-442 2772 102 ) (-442 2772 172 ) (-442 2811 172 ) (-442 2811 102 ) 
4 30 31 (-441 2772 102 ) (-442 2772 102 ) (-442 2811 102 ) (-441 2811 102 ) 
4 31 32 (-441 2772 80 ) (-442 2772 80 ) (-442 2811 80 ) (-441 2811 80 ) 
4 31 33 (-442 2772 102 ) (-442 2772 80 ) (-441 2772 80 ) (-441 2772 102 ) 
4 31 34 (-442 2772 80 ) (-442 2772 102 ) (-442 2811 102 ) (-442 2811 80 ) 
4 32 34 (-442 2811 29 ) (-442 2772 29 ) (-442 2772 80 ) (-442 2811 80 ) 
4 32 33 (-442 2772 80 ) (-442 2772 29 ) (-441 2772 29 ) (-441 2772 80 ) 
4 33 34 (-442 2772 29 ) (-442 2771 29 ) (-442 2771 172 ) (-442 2772 172 ) 
4 35 39 (-651.278137 2947 32 ) (-646.131226 2947 32 ) (-646.131226 2947 37 ) (-651.278137 2947 37 ) 
4 35 38 (-646.131226 2947 32 ) (-581 2947 32 ) (-581 2947 37 ) (-646.131226 2947 37 ) 
4 35 37 (-713 2947 37 ) (-713 2947 32 ) (-651.278137 2947 32 ) (-651.278137 2947 37 ) 
4 35 36 (-581 2947 197 ) (-713 2947 197 ) (-713 2947 37 ) (-581 2947 37 ) 
4 36 41 (-698 2532 37 ) (-570 2532 37 ) (-570 2532 144.167023 ) (-698 2532 144.167023 ) 
4 36 40 (-621 2919.791992 37 ) (-556 2849.424561 37 ) (-556 2843.841309 37 ) (-623.570496 2917 37 ) 
4 36 39 (-651.278137 2947 37 ) (-646.131226 2947 37 ) (-630.428467 2930 37 ) (-633 2927.209961 37 ) 
3 36 38 (-646.131226 2947 37 ) (-556 2947 37 ) (-556 2849.424561 37 ) 
5 36 37 (-556 2532 37 ) (-713 2532 37 ) (-713 2947 37 ) (-651.278137 2947 37 ) (-556 2843.841309 37 ) 
4 37 41 (-698 2532 32 ) (-570 2532 32 ) (-570 2532 37 ) (-698 2532 37 ) 
4 37 40 (-623.570068 2917 37 ) (-556 2843.842041 37 ) (-556 2843.842041 32 ) (-623.569580 2917 32 ) 
4 37 39 (-651.277344 2947 32 ) (-651.277344 2947 37 ) (-633 2927.210449 37 ) (-633 2927.210449 32 ) 
4 38 40 (-556 2849.427246 37 ) (-620.997925 2919.793457 37 ) (-620.997437 2919.792969 32 ) (-556 2849.427246 32 ) 
4 38 39 (-630.427307 2930.001709 37 ) (-646.128906 2947 37 ) (-646.128906 2947 32 ) (-630.427307 2930.001709 32 ) 
4 41 42 (-570 2519 32.166801 ) (-698 2519 32.166801 ) (-698 2532 32.166801 ) (-570 2532 32.166801 ) 
4 43 53 (-1024 3534 197 ) (-1024 3495 197 ) (-1028 3495 197 ) (-1028 3534 197 ) 
4 43 48 (-1024 3584 197 ) (-1024 3534 197 ) (-1028 3534 197 ) (-1028 3584 197 ) 
4 43 46 (-1028 3627 197 ) (-1024 3627 197 ) (-1024 3584 197 ) (-1028 3584 197 ) 
4 44 45 (-1265 3628 197 ) (-1265 3628 36 ) (-1147 3628 36 ) (-1147 3628 197 ) 
4 45 47 (-1265 3627 197 ) (-1265 3627 36 ) (-1147 3627 36 ) (-1147 3627 197 ) 
4 46 50 (-1027 3584 36 ) (-1024 3584 36 ) (-1024 3584 145 ) (-1027 3584 145 ) 
4 46 48 (-1024 3584 145 ) (-1024 3584 197 ) (-1028 3584 197 ) (-1028 3584 145 ) 
4 47 52 (-1265 3584 145 ) (-1265 3584 36 ) (-1039 3584 36 ) (-1039 3584 145 ) 
4 47 49 (-1265 3584 197 ) (-1265 3584 145 ) (-1029 3584 145 ) (-1029 3584 197 ) 
4 48 53 (-1028 3534 145 ) (-1024 3534 145 ) (-1024 3534 197 ) (-1028 3534 197 ) 
4 48 50 (-1024 3534 145 ) (-1027 3534 145 ) (-1027 3584 145 ) (-1024 3584 145 ) 
4 49 54 (-1265 3534 197 ) (-1265 3534 145 ) (-1029 3534 145 ) (-1029 3534 197 ) 
4 49 52 (-1039 3534 145 ) (-1265 3534 145 ) (-1265 3584 145 ) (-1039 3584 145 ) 
4 50 53 (-1027 3534 36 ) (-1024 3534 36 ) (-1024 3534 145 ) (-1027 3534 145 ) 
4 50 51 (-1027 3583 36 ) (-1027 3535 36 ) (-1027 3535 144 ) (-1027 3583 144 ) 
4 51 52 (-1039 3583 36 ) (-1039 3535 36 ) (-1039 3535 144 ) (-1039 3583 144 ) 
4 52 54 (-1265 3534 145 ) (-1265 3534 36 ) (-1039 3534 36 ) (-1039 3534 145 ) 
