PRT1
51
110
4 0 20 (0 800 128 ) (0 960 128 ) (0 960 0 ) (0 800 0 ) 
4 0 8 (190 800 0 ) (196 800 0 ) (196 800 112 ) (190 800 112 ) 
4 0 7 (184 800 0 ) (190 800 0 ) (190 800 112 ) (184 800 112 ) 
4 0 6 (196 800 128 ) (190 800 128 ) (190 800 112 ) (196 800 112 ) 
4 0 5 (190 800 128 ) (184 800 128 ) (184 800 112 ) (190 800 112 ) 
4 0 4 (0 800 0 ) (184 800 0 ) (184 800 128 ) (0 800 128 ) 
4 0 2 (224 800 0 ) (272 800 0 ) (272 800 108 ) (224 800 108 ) 
4 1 16 (276 768 0 ) (280 768 0 ) (280 768 112 ) (276 768 112 ) 
4 1 3 (276 768 0 ) (276 768 112 ) (276 772 112 ) (276 772 0 ) 
4 2 3 (224 797 108 ) (224 797 0 ) (272 797 0 ) (272 797 108 ) 
4 3 17 (220 768 0 ) (256 768 0 ) (256 768 112 ) (220 768 112 ) 
4 3 16 (256 768 0 ) (276 768 0 ) (276 768 112 ) (256 768 112 ) 
4 3 9 (220 772 0 ) (220 768 0 ) (220 768 112 ) (220 772 112 ) 
4 4 21 (0 784 128 ) (0 787 128 ) (0 787 0 ) (0 784 0 ) 
4 4 20 (0 787 128 ) (0 800 128 ) (0 800 0 ) (0 787 0 ) 
4 4 11 (158 784 112 ) (0 784 112 ) (0 784 32 ) (158 784 32 ) 
4 4 10 (160 784 32 ) (160 784 112 ) (158 784 112 ) (158 784 32 ) 
4 4 7 (182 792 0 ) (184 800 0 ) (184 800 112 ) (182 792 112 ) 
4 4 5 (182 792 112 ) (184 800 112 ) (184 800 128 ) (182 792 128 ) 
3 5 7 (182 792 112 ) (184 800 112 ) (190 800 112 ) 
4 5 6 (188 798 112 ) (190 800 112 ) (190 800 128 ) (188 798 128 ) 
3 6 8 (188 798 112 ) (190 800 112 ) (196 800 112 ) 
4 7 8 (190 800 0 ) (190 800 112 ) (188 798 112 ) (188 798 0 ) 
4 9 17 (216 768 0 ) (220 768 0 ) (220 768 112 ) (216 768 112 ) 
4 10 17 (160 768 32 ) (160 768 112 ) (158 768 112 ) (158 768 32 ) 
4 10 13 (158 770 34 ) (158 770 110 ) (158 771 110 ) (158 771 34 ) 
4 10 12 (158 770 110 ) (158 770 112 ) (158 771 112 ) (158 771 110 ) 
4 10 14 (158 771 32 ) (158 770 32 ) (158 770 34 ) (158 771 34 ) 
4 10 11 (158 784 32 ) (158 771 32 ) (158 771 112 ) (158 784 112 ) 
4 10 15 (158 770 32 ) (158 768 32 ) (158 768 112 ) (158 770 112 ) 
4 11 22 (0 784 112 ) (0 784 32 ) (0 771 32 ) (0 771 112 ) 
4 11 13 (158 771 34 ) (158 771 110 ) (0 771 110 ) (0 771 34 ) 
4 11 12 (158 771 110 ) (158 771 112 ) (0 771 112 ) (0 771 110 ) 
4 11 14 (0 771 32 ) (158 771 32 ) (158 771 34 ) (0 771 34 ) 
4 12 23 (0 770 110 ) (0 770 112 ) (0 771 112 ) (0 771 110 ) 
4 12 15 (158 770 110 ) (158 770 112 ) (0 770 112 ) (0 770 110 ) 
4 12 13 (158 770 110 ) (0 770 110 ) (0 771 110 ) (158 771 110 ) 
4 13 24 (0 770 34 ) (0 770 110 ) (0 771 110 ) (0 771 34 ) 
4 13 14 (158 770 34 ) (0 770 34 ) (0 771 34 ) (158 771 34 ) 
4 13 15 (158 770 34 ) (158 770 110 ) (0 770 110 ) (0 770 34 ) 
4 14 25 (0 771 32 ) (0 770 32 ) (0 770 34 ) (0 771 34 ) 
4 14 15 (0 770 32 ) (158 770 32 ) (158 770 34 ) (0 770 34 ) 
4 15 26 (0 770 32 ) (0 768 32 ) (0 768 112 ) (0 770 112 ) 
4 15 17 (158 768 112 ) (64 768 112 ) (64 768 32 ) (158 768 32 ) 
4 15 19 (64 768 112 ) (0 768 112 ) (0 768 32 ) (64 768 32 ) 
4 16 17 (256 768 128 ) (256 768 0 ) (256 640 0 ) (256 640 128 ) 
4 17 19 (64 768 128 ) (64 768 0 ) (64 640 0 ) (64 640 128 ) 
4 18 49 (256 0 128 ) (64 0 128 ) (64 0 0 ) (256 0 0 ) 
4 18 19 (64 256 0 ) (64 0 0 ) (64 0 128 ) (64 256 128 ) 
4 19 49 (64 0 128 ) (0 0 128 ) (0 0 0 ) (64 0 0 ) 
4 19 47 (0 0 0 ) (0 0 128 ) (0 636 128 ) (0 636 0 ) 
4 19 43 (0 636 128 ) (0 768 128 ) (0 768 0 ) (0 636 0 ) 
4 20 42 (-256 787 0 ) (-224 787 0 ) (-224 787 32 ) (-256 787 32 ) 
4 20 41 (-224 787 0 ) (-96 787 0 ) (-96 787 32 ) (-224 787 32 ) 
4 20 39 (-226 787 36 ) (-256 787 36 ) (-256 787 32 ) (-226 787 32 ) 
4 20 38 (-226 787 110 ) (-256 787 110 ) (-256 787 36 ) (-226 787 36 ) 
4 20 34 (-100 787 110 ) (-222 787 110 ) (-222 787 36 ) (-100 787 36 ) 
4 20 31 (-226 787 128 ) (-256 787 128 ) (-256 787 110 ) (-226 787 110 ) 
4 20 30 (-224 787 128 ) (-226 787 128 ) (-226 787 114 ) (-224 787 114 ) 
4 20 29 (-96 787 114 ) (-96 787 128 ) (-224 787 128 ) (-224 787 114 ) 
4 20 28 (-96 787 0 ) (-48 787 0 ) (-48 787 128 ) (-96 787 128 ) 
4 20 21 (-48 787 0 ) (0 787 0 ) (0 787 128 ) (-48 787 128 ) 
4 21 28 (-48 787 128 ) (-48 787 0 ) (-48 784 0 ) (-48 784 128 ) 
4 21 22 (-46 784 32 ) (0 784 32 ) (0 784 112 ) (-46 784 112 ) 
4 21 27 (-48 784 112 ) (-48 784 32 ) (-46 784 32 ) (-46 784 112 ) 
4 22 24 (-46 771 110 ) (-46 771 34 ) (0 771 34 ) (0 771 110 ) 
4 22 23 (-46 771 112 ) (-46 771 110 ) (0 771 110 ) (0 771 112 ) 
4 22 25 (-46 771 34 ) (-46 771 32 ) (0 771 32 ) (0 771 34 ) 
4 22 27 (-46 784 32 ) (-46 771 32 ) (-46 771 112 ) (-46 784 112 ) 
4 23 26 (-46 770 112 ) (-46 770 110 ) (0 770 110 ) (0 770 112 ) 
4 23 27 (-46 770 110 ) (-46 770 112 ) (-46 771 112 ) (-46 771 110 ) 
4 23 24 (0 770 110 ) (-46 770 110 ) (-46 771 110 ) (0 771 110 ) 
4 24 25 (0 770 34 ) (-46 770 34 ) (-46 771 34 ) (0 771 34 ) 
4 24 26 (-46 770 110 ) (-46 770 34 ) (0 770 34 ) (0 770 110 ) 
4 24 27 (-46 770 34 ) (-46 770 110 ) (-46 771 110 ) (-46 771 34 ) 
4 25 27 (-46 771 32 ) (-46 770 32 ) (-46 770 34 ) (-46 771 34 ) 
4 25 26 (-46 770 34 ) (-46 770 32 ) (0 770 32 ) (0 770 34 ) 
4 26 43 (0 768 32 ) (0 768 112 ) (-46 768 112 ) (-46 768 32 ) 
4 26 27 (-46 770 32 ) (-46 768 32 ) (-46 768 112 ) (-46 770 112 ) 
4 27 43 (-46 768 112 ) (-48 768 112 ) (-48 768 32 ) (-46 768 32 ) 
4 28 41 (-96 787 32 ) (-96 787 0 ) (-96 784 0 ) (-96 784 32 ) 
4 28 29 (-96 787 128 ) (-96 787 114 ) (-96 784 114 ) (-96 784 128 ) 
4 29 30 (-224 787 128 ) (-224 787 114 ) (-224 784 114 ) (-224 784 128 ) 
4 30 31 (-226 787 128 ) (-226 787 114 ) (-226 784 114 ) (-226 784 128 ) 
4 31 38 (-256 787 110 ) (-226 787 110 ) (-226 784 110 ) (-256 784 110 ) 
4 32 46 (-96 768 110 ) (-96 768 112 ) (-224 768 112 ) (-224 768 110 ) 
4 32 37 (-222 768 110 ) (-224 768 110 ) (-224 780 110 ) (-222 780 110 ) 
4 32 36 (-100 768 110 ) (-222 768 110 ) (-222 780 110 ) (-100 780 110 ) 
4 32 33 (-96 780 110 ) (-96 768 110 ) (-100 768 110 ) (-100 780 110 ) 
4 33 46 (-96 768 36 ) (-96 768 110 ) (-100 768 110 ) (-100 768 36 ) 
4 33 40 (-96 780 36 ) (-96 768 36 ) (-100 768 36 ) (-100 780 36 ) 
4 33 36 (-100 780 36 ) (-100 768 36 ) (-100 768 110 ) (-100 780 110 ) 
4 34 35 (-222 784 110 ) (-222 784 36 ) (-100 784 36 ) (-100 784 110 ) 
4 35 36 (-222 783 110 ) (-222 783 36 ) (-100 783 36 ) (-100 783 110 ) 
4 36 46 (-100 768 110 ) (-222 768 110 ) (-222 768 36 ) (-100 768 36 ) 
4 36 40 (-100 780 36 ) (-100 768 36 ) (-222 768 36 ) (-222 780 36 ) 
4 36 37 (-222 780 36 ) (-222 768 36 ) (-222 768 110 ) (-222 780 110 ) 
4 37 46 (-222 768 110 ) (-224 768 110 ) (-224 768 36 ) (-222 768 36 ) 
4 37 40 (-222 780 36 ) (-222 768 36 ) (-224 768 36 ) (-224 780 36 ) 
4 38 39 (-256 787 36 ) (-226 787 36 ) (-226 784 36 ) (-256 784 36 ) 
4 39 42 (-256 784 32 ) (-256 787 32 ) (-226 787 32 ) (-226 784 32 ) 
4 40 46 (-96 768 32 ) (-96 768 36 ) (-224 768 36 ) (-224 768 32 ) 
4 41 42 (-224 784 32 ) (-224 787 32 ) (-224 787 0 ) (-224 784 0 ) 
4 43 47 (-60 636 0 ) (0 636 0 ) (0 636 128 ) (-60 636 128 ) 
4 43 44 (-64 764 0 ) (-64 636 0 ) (-64 636 128 ) (-64 764 128 ) 
4 45 46 (-69 768 128 ) (-69 768 0 ) (-69 764 0 ) (-69 764 128 ) 
4 47 50 (0 0 0 ) (0 0 128 ) (-60 0 128 ) (-60 0 0 ) 
4 47 48 (-60 256 0 ) (-60 0 0 ) (-60 0 128 ) (-60 256 128 ) 
4 48 50 (-60 0 128 ) (-256 0 128 ) (-256 0 0 ) (-60 0 0 ) 
4 49 50 (0 0 128 ) (0 0 0 ) (0 -256 0 ) (0 -256 128 ) 
