PRT1
220
556
4 0 7 (70 6144 -36.982903 ) (0 6144 -36.982903 ) (0 6144 -95 ) (70 6144 -95 ) 
4 0 3 (0 6144 -95 ) (0 6144 -57 ) (0 6291.470215 -57 ) (0 6291.470215 -95 ) 
4 0 1 (0 6144 -57 ) (0 6144 -36.982903 ) (0 6291.470215 -36.982903 ) (0 6291.470215 -57 ) 
4 1 8 (0 6144 -57 ) (0 6144 -36.982903 ) (-493 6144 -36.982903 ) (-493 6144 -57 ) 
4 1 4 (-448.576019 6144 -57 ) (-493 6144 -57 ) (-493 6291.470215 -57 ) (-448.576019 6291.470215 -57 ) 
4 1 3 (0 6291.470215 -57 ) (0 6144 -57 ) (-448.576019 6144 -57 ) (-448.576019 6291.470215 -57 ) 
4 1 2 (-493 6291.470215 -57 ) (-493 6144 -57 ) (-493 6144 -36.982903 ) (-493 6291.470215 -36.982903 ) 
4 2 17 (-1024 6144 13 ) (-1024 6144 -57 ) (-974 6144 -57 ) (-974 6144 13 ) 
4 2 15 (-1024 6144 35 ) (-1024 6144 13 ) (-974 6144 13 ) (-974 6144 35 ) 
4 2 13 (-974 6144 -57 ) (-937 6144 -57 ) (-937 6144 35 ) (-974 6144 35 ) 
4 2 10 (-937 6144 -57 ) (-691 6144 -57 ) (-691 6144 35 ) (-937 6144 35 ) 
4 2 9 (-691 6144 -57 ) (-493 6144 -57 ) (-493 6144 35 ) (-691 6144 35 ) 
4 2 5 (-1024 6144 -57 ) (-1024 6144 35 ) (-1024 6291.470215 35 ) (-1024 6291.470215 -57 ) 
4 2 4 (-493 6291.470215 -57 ) (-493 6144 -57 ) (-1024 6144 -57 ) (-1024 6291.470215 -57 ) 
4 3 40 (0 6144 -95 ) (0 6144 -94 ) (-448.576019 6144 -94 ) (-448.576019 6144 -95 ) 
4 3 27 (0 6144 -94 ) (0 6144 -57 ) (-448.576019 6144 -57 ) (-448.576019 6144 -94 ) 
4 3 4 (-448.576019 6144 -95 ) (-448.576019 6144 -57 ) (-448.576019 6291.470215 -57 ) (-448.576019 6291.470215 -95 ) 
4 4 41 (-448.576019 6144 -95 ) (-448.576019 6144 -94 ) (-1024 6144 -94 ) (-1024 6144 -95 ) 
4 4 33 (-974 6144 -57 ) (-1024 6144 -57 ) (-1024 6144 -94 ) (-974 6144 -94 ) 
4 4 29 (-691 6144 -57 ) (-974 6144 -57 ) (-974 6144 -94 ) (-691 6144 -94 ) 
4 4 28 (-448.576019 6144 -94 ) (-448.576019 6144 -57 ) (-691 6144 -57 ) (-691 6144 -94 ) 
4 4 6 (-1024 6144 -95 ) (-1024 6144 -57 ) (-1024 6291.470215 -57 ) (-1024 6291.470215 -95 ) 
4 5 90 (-1024 6144 -57 ) (-1024 6144 35 ) (-1091.469971 6144 35 ) (-1091.469971 6144 -57 ) 
4 5 6 (-1024 6291.470215 -57 ) (-1024 6144 -57 ) (-1091.469971 6144 -57 ) (-1091.469971 6291.470215 -57 ) 
4 6 94 (-1024 6144 -95 ) (-1024 6144 -57 ) (-1091.469971 6144 -57 ) (-1091.469971 6144 -95 ) 
4 7 40 (0 6144 -94 ) (0 6144 -95 ) (0 6107 -95 ) (0 6107 -94 ) 
4 7 27 (0 6144 -57 ) (0 6144 -94 ) (0 6107 -94 ) (0 6107 -57 ) 
4 7 8 (0 6144 -36.982903 ) (0 6144 -57 ) (0 6107 -57 ) (0 6107 -36.982903 ) 
4 8 28 (-493 6144 -57 ) (-448.576019 6144 -57 ) (-448.576019 6107 -57 ) (-493 6107 -57 ) 
4 8 27 (-448.576019 6144 -57 ) (0 6144 -57 ) (0 6107 -57 ) (-448.576019 6107 -57 ) 
4 8 9 (-493 6144 -36.982903 ) (-493 6144 -57 ) (-493 6107 -57 ) (-493 6107 -36.982903 ) 
4 9 28 (-691 6144 -57 ) (-493 6144 -57 ) (-493 6107 -57 ) (-691 6107 -57 ) 
4 9 10 (-691 6144 35 ) (-691 6144 -57 ) (-691 6107 -57 ) (-691 6107 35 ) 
4 10 29 (-937 6144 -57 ) (-691 6144 -57 ) (-691 6107 -57 ) (-937 6107 -57 ) 
4 10 13 (-937 6144 -57 ) (-937 6107 -57 ) (-937 6107 35 ) (-937 6144 35 ) 
4 10 11 (-937 6107 35 ) (-937 6107 -57 ) (-907.531982 6107 -57 ) (-907.531982 6107 35 ) 
4 11 30 (-907.531982 5695 -57 ) (-937 5695 -57 ) (-937 6107 -57 ) (-907.531982 6107 -57 ) 
4 11 13 (-937 6107 -57 ) (-937 5695 -57 ) (-937 5695 35 ) (-937 6107 35 ) 
4 12 31 (-691 5677 -57 ) (-691 5662 -57 ) (-937 5662 -57 ) (-937 5677 -57 ) 
4 12 26 (-937 5662 -57 ) (-919 5662 -57 ) (-919 5662 9 ) (-937 5662 9 ) 
4 12 25 (-919 5662 -57 ) (-691 5662 -57 ) (-691 5662 9 ) (-919 5662 9 ) 
4 13 30 (-937 6107 -57 ) (-937 5695 -57 ) (-974 5695 -57 ) (-974 6107 -57 ) 
4 13 29 (-974 6144 -57 ) (-937 6144 -57 ) (-937 6107 -57 ) (-974 6107 -57 ) 
4 13 17 (-974 6144 -57 ) (-974 5701 -57 ) (-974 5701 13 ) (-974 6144 13 ) 
4 13 15 (-974 5695 13 ) (-974 5695 35 ) (-974 6144 35 ) (-974 6144 13 ) 
4 14 32 (-958 5662 -57 ) (-974 5662 -57 ) (-974 5694 -57 ) (-958 5694 -57 ) 
4 14 26 (-974 5662 -57 ) (-958 5662 -57 ) (-958 5662 32 ) (-974 5662 32 ) 
4 14 21 (-958 5662 32 ) (-958 5662 35 ) (-974 5662 35 ) (-974 5662 32 ) 
4 14 19 (-974 5689 -57 ) (-974 5662 -57 ) (-974 5662 13 ) (-974 5689 13 ) 
4 14 16 (-974 5662 13 ) (-974 5662 35 ) (-974 5694 35 ) (-974 5694 13 ) 
4 15 90 (-1024 6144 35 ) (-1024 6144 13 ) (-1024 5695 13 ) (-1024 5695 35 ) 
4 15 17 (-974 6144 13 ) (-974 5701 13 ) (-1024 5701 13 ) (-1024 6144 13 ) 
4 16 91 (-1024 5694 13 ) (-1024 5662 13 ) (-1024 5662 35 ) (-1024 5694 35 ) 
4 16 26 (-1024 5662 32 ) (-1024 5662 13 ) (-974 5662 13 ) (-974 5662 32 ) 
4 16 21 (-1024 5662 35 ) (-1024 5662 32 ) (-974 5662 32 ) (-974 5662 35 ) 
4 16 19 (-974 5689 13 ) (-974 5662 13 ) (-1024 5662 13 ) (-1024 5689 13 ) 
4 17 90 (-1024 6144 13 ) (-1024 6144 -57 ) (-1024 5701 -57 ) (-1024 5701 13 ) 
4 17 33 (-1024 6144 -57 ) (-974 6144 -57 ) (-974 5701 -57 ) (-1024 5701 -57 ) 
4 17 18 (-1023 5701 -57 ) (-975 5701 -57 ) (-975 5701 12 ) (-1023 5701 12 ) 
4 18 34 (-975 5689 -57 ) (-1023 5689 -57 ) (-1023 5701 -57 ) (-975 5701 -57 ) 
4 18 19 (-1023 5689 -57 ) (-975 5689 -57 ) (-975 5689 12 ) (-1023 5689 12 ) 
4 19 91 (-1024 5689 -57 ) (-1024 5662 -57 ) (-1024 5662 13 ) (-1024 5689 13 ) 
4 19 35 (-974 5689 -57 ) (-974 5662 -57 ) (-1024 5662 -57 ) (-1024 5689 -57 ) 
4 19 26 (-1024 5662 13 ) (-1024 5662 -57 ) (-974 5662 -57 ) (-974 5662 13 ) 
4 20 24 (-534 5372 32 ) (-574 5372 32 ) (-574 5452 32 ) (-534 5452 32 ) 
4 20 22 (-574 5452 32 ) (-574 5372 32 ) (-574 5372 197 ) (-574 5452 197 ) 
4 21 92 (-1024 5662 165 ) (-1024 5662 32 ) (-1024 5611 32 ) (-1024 5611 165 ) 
4 21 26 (-1024 5662 32 ) (-919 5662 32 ) (-919 5611 32 ) (-1024 5611 32 ) 
4 21 25 (-919 5662 32 ) (-574 5662 32 ) (-574 5611 32 ) (-919 5611 32 ) 
4 21 22 (-1024 5611 32 ) (-574 5611 32 ) (-574 5611 165 ) (-1024 5611 165 ) 
4 22 93 (-1024 5206 197 ) (-1024 5611 197 ) (-1024 5611 32 ) (-1024 5206 32 ) 
4 22 26 (-919 5206 32 ) (-1024 5206 32 ) (-1024 5611 32 ) (-919 5611 32 ) 
4 22 25 (-574 5611 32 ) (-574 5279 32 ) (-919 5279 32 ) (-919 5611 32 ) 
4 22 23 (-910 5206 32 ) (-574 5206 32 ) (-574 5206 197 ) (-910 5206 197 ) 
4 23 57 (-910 5120 32 ) (-879 5120 32 ) (-879 5120 197 ) (-910 5120 197 ) 
4 23 54 (-879 5120 32 ) (-829 5120 32 ) (-829 5120 141 ) (-879 5120 141 ) 
4 23 52 (-829 5120 141 ) (-829 5120 197 ) (-879 5120 197 ) (-879 5120 141 ) 
4 23 47 (-810 5120 32 ) (-628 5120 32 ) (-628 5120 197 ) (-810 5120 197 ) 
4 23 46 (-628 5120 32 ) (-574 5120 32 ) (-574 5120 197 ) (-628 5120 197 ) 
4 23 50 (-829 5120 32 ) (-810 5120 32 ) (-810 5120 197 ) (-829 5120 197 ) 
4 24 36 (-574 5372 -57 ) (-574 5452 -57 ) (-534 5452 -57 ) (-534 5372 -57 ) 
4 24 25 (-574 5372 32 ) (-574 5452 32 ) (-574 5452 -57 ) (-574 5372 -57 ) 
4 25 37 (-919 5279 -57 ) (-919 5662 -57 ) (-574 5662 -57 ) (-574 5279 -57 ) 
4 25 26 (-919 5279 32 ) (-919 5662 32 ) (-919 5662 -57 ) (-919 5279 -57 ) 
4 26 92 (-1024 5662 -57 ) (-1024 5611 -57 ) (-1024 5611 32 ) (-1024 5662 32 ) 
4 26 93 (-1024 5611 -57 ) (-1024 5206 -57 ) (-1024 5206 32 ) (-1024 5611 32 ) 
4 26 39 (-1024 5206 -57 ) (-1024 5241.810059 -57 ) (-919 5241.810059 -57 ) (-919 5206 -57 ) 
4 26 38 (-1024 5241.810059 -57 ) (-1024 5662 -57 ) (-919 5662 -57 ) (-919 5241.810059 -57 ) 
4 27 40 (-448.576019 6144 -94 ) (0 6144 -94 ) (0 6107 -94 ) (-448.576019 6107 -94 ) 
4 27 28 (-448.576019 6144 -94 ) (-448.576019 6107 -94 ) (-448.576019 6107 -57 ) (-448.576019 6144 -57 ) 
4 28 41 (-691 6144 -94 ) (-448.576019 6144 -94 ) (-448.576019 6107 -94 ) (-691 6107 -94 ) 
4 28 29 (-691 6144 -94 ) (-691 6107 -94 ) (-691 6107 -57 ) (-691 6144 -57 ) 
4 29 41 (-974 6144 -94 ) (-691 6144 -94 ) (-691 6107 -94 ) (-974 6107 -94 ) 
4 29 33 (-974 6144 -94 ) (-974 6107 -94 ) (-974 6107 -57 ) (-974 6144 -57 ) 
4 29 30 (-974 6107 -57 ) (-974 6107 -94 ) (-907.531982 6107 -94 ) (-907.531982 6107 -57 ) 
4 30 42 (-974 5727 -94 ) (-974 6107 -94 ) (-907.531982 6107 -94 ) (-907.531982 5727 -94 ) 
4 30 33 (-974 6107 -94 ) (-974 5701 -94 ) (-974 5701 -57 ) (-974 6107 -57 ) 
4 31 38 (-937 5662 -94 ) (-919 5662 -94 ) (-919 5662 -57 ) (-937 5662 -57 ) 
4 31 37 (-919 5662 -94 ) (-691 5662 -94 ) (-691 5662 -57 ) (-919 5662 -57 ) 
4 32 38 (-974 5662 -94 ) (-958 5662 -94 ) (-958 5662 -57 ) (-974 5662 -57 ) 
4 32 35 (-974 5689 -94 ) (-974 5662 -94 ) (-974 5662 -57 ) (-974 5689 -57 ) 
4 33 95 (-1024 5727 -94 ) (-1024 5701 -94 ) (-1024 5701 -57 ) (-1024 5727 -57 ) 
4 33 94 (-1024 6144 -57 ) (-1024 6144 -94 ) (-1024 5727 -94 ) (-1024 5727 -57 ) 
4 33 42 (-1024 5727 -94 ) (-1024 6107 -94 ) (-974 6107 -94 ) (-974 5727 -94 ) 
4 33 41 (-1024 6107 -94 ) (-1024 6144 -94 ) (-974 6144 -94 ) (-974 6107 -94 ) 
4 33 34 (-1023 5701 -94 ) (-975 5701 -94 ) (-975 5701 -57 ) (-1023 5701 -57 ) 
4 34 35 (-1023 5689 -94 ) (-975 5689 -94 ) (-975 5689 -57 ) (-1023 5689 -57 ) 
4 35 96 (-1024 5689 -94 ) (-1024 5662 -94 ) (-1024 5662 -57 ) (-1024 5689 -57 ) 
4 35 38 (-1024 5662 -94 ) (-974 5662 -94 ) (-974 5662 -57 ) (-1024 5662 -57 ) 
4 36 37 (-574 5452 -94 ) (-574 5372 -94 ) (-574 5372 -57 ) (-574 5452 -57 ) 
4 37 38 (-919 5662 -57 ) (-919 5662 -94 ) (-919 5279 -94 ) (-919 5279 -57 ) 
4 38 97 (-1024 5662 -94 ) (-1024 5241.810059 -94 ) (-1024 5241.810059 -57 ) (-1024 5662 -57 ) 
4 38 39 (-1024 5241.810059 -94 ) (-919 5241.810059 -94 ) (-919 5241.810059 -57 ) (-1024 5241.810059 -57 ) 
4 39 98 (-1024 5241.810059 -94 ) (-1024 5206 -94 ) (-1024 5206 -57 ) (-1024 5241.810059 -57 ) 
4 40 41 (-448.576019 6107 -95 ) (-448.576019 6107 -94 ) (-448.576019 6144 -94 ) (-448.576019 6144 -95 ) 
4 41 94 (-1024 6144 -94 ) (-1024 6144 -95 ) (-1024 6107 -95 ) (-1024 6107 -94 ) 
4 41 42 (-907.531982 6107 -94 ) (-1024 6107 -94 ) (-1024 6107 -95 ) (-907.531982 6107 -95 ) 
4 42 94 (-1024 5727 -95 ) (-1024 5727 -94 ) (-1024 6107 -94 ) (-1024 6107 -95 ) 
4 43 58 (-909 5017 197 ) (-879 5017 197 ) (-879 4681 197 ) (-909 4681 197 ) 
4 43 53 (-879 5017 197 ) (-829 5017 197 ) (-829 4681 197 ) (-879 4681 197 ) 
4 43 51 (-829 5017 197 ) (-575 5017 197 ) (-575 4681 197 ) (-829 4681 197 ) 
4 44 99 (-1024 4289 273 ) (-1024 4660 273 ) (-1024 4660 197 ) (-1024 4289 197 ) 
4 44 80 (-1024 4289 197 ) (-1024 4660 197 ) (-813 4660 197 ) (-813 4289 197 ) 
4 44 79 (-813 4660 197 ) (-685 4660 197 ) (-685 4289 197 ) (-813 4289 197 ) 
4 44 59 (-685 4660 197 ) (-575 4660 197 ) (-575 4289 197 ) (-685 4289 197 ) 
4 44 45 (-1024 4289 197 ) (-575 4289 197 ) (-575 4289 273 ) (-1024 4289 273 ) 
4 45 125 (-792 4096 273 ) (-1024 4096 273 ) (-1024 4096 197 ) (-792 4096 197 ) 
4 45 122 (-792 4096 216 ) (-792 4096 197 ) (-748 4096 197 ) (-748 4096 216 ) 
4 45 120 (-792 4096 260 ) (-792 4096 216 ) (-748 4096 216 ) (-748 4096 260 ) 
4 45 118 (-748 4096 273 ) (-792 4096 273 ) (-792 4096 260 ) (-748 4096 260 ) 
4 45 115 (-356 4096 273 ) (-748 4096 273 ) (-748 4096 197 ) (-356 4096 197 ) 
4 45 101 (-1024 4096 197 ) (-1024 4096 273 ) (-1024 4172 273 ) (-1024 4172 197 ) 
4 45 99 (-1024 4172 273 ) (-1024 4289 273 ) (-1024 4289 197 ) (-1024 4172 197 ) 
4 45 80 (-1024 4096 197 ) (-1024 4289 197 ) (-813 4289 197 ) (-813 4096 197 ) 
4 45 79 (-813 4289 197 ) (-685 4289 197 ) (-685 4096 197 ) (-813 4096 197 ) 
4 45 61 (-573.750000 4289 197 ) (-369.750000 4289 197 ) (-369.750000 4096 197 ) (-573.750000 4096 197 ) 
4 45 76 (-685 4289 197 ) (-573.750000 4289 197 ) (-573.750000 4096 197 ) (-685 4096 197 ) 
4 45 60 (-369.750000 4289 197 ) (-356 4289 197 ) (-356 4096 197 ) (-369.750000 4096 197 ) 
4 46 48 (-628 5027 61 ) (-628 5027 197 ) (-628 5057 197 ) (-628 5057 61 ) 
4 46 49 (-628 5057 32 ) (-628 5027 32 ) (-628 5027 56 ) (-628 5057 56 ) 
4 46 47 (-628 5120 32 ) (-628 5057 32 ) (-628 5057 197 ) (-628 5120 197 ) 
4 47 48 (-810 5057 197 ) (-810 5057 61 ) (-628 5057 61 ) (-628 5057 197 ) 
4 47 49 (-810 5057 56 ) (-810 5057 32 ) (-628 5057 32 ) (-628 5057 56 ) 
4 47 50 (-810 5120 32 ) (-810 5057 32 ) (-810 5057 197 ) (-810 5120 197 ) 
4 48 50 (-810 5027 61 ) (-810 5027 197 ) (-810 5057 197 ) (-810 5057 61 ) 
4 49 50 (-810 5057 32 ) (-810 5027 32 ) (-810 5027 56 ) (-810 5057 56 ) 
4 50 54 (-829 5120 32 ) (-829 5028 32 ) (-829 5028 141 ) (-829 5120 141 ) 
4 50 52 (-829 5027 141 ) (-829 5027 197 ) (-829 5120 197 ) (-829 5120 141 ) 
4 51 81 (-813 4681 32 ) (-685 4681 32 ) (-685 4681 36 ) (-813 4681 36 ) 
4 51 78 (-685 4681 36 ) (-685 4681 143 ) (-813 4681 143 ) (-813 4681 36 ) 
4 51 56 (-829 5016 32 ) (-829 4681 32 ) (-829 4681 141 ) (-829 5016 141 ) 
4 51 53 (-829 4681 141 ) (-829 4681 197 ) (-829 5017 197 ) (-829 5017 141 ) 
4 52 57 (-879 5027 197 ) (-879 5120 197 ) (-879 5120 141 ) (-879 5027 141 ) 
4 52 54 (-879 5028 141 ) (-879 5120 141 ) (-829 5120 141 ) (-829 5028 141 ) 
4 53 58 (-879 4681 141 ) (-879 4681 197 ) (-879 5017 197 ) (-879 5017 141 ) 
4 53 56 (-879 4681 141 ) (-879 5016 141 ) (-829 5016 141 ) (-829 4681 141 ) 
4 54 57 (-879 5120 32 ) (-879 5028 32 ) (-879 5028 141 ) (-879 5120 141 ) 
4 54 55 (-878 5028 140 ) (-878 5028 32 ) (-830 5028 32 ) (-830 5028 140 ) 
4 55 56 (-878 5016 140 ) (-878 5016 32 ) (-830 5016 32 ) (-830 5016 140 ) 
4 56 58 (-879 5016 32 ) (-879 4681 32 ) (-879 4681 141 ) (-879 5016 141 ) 
4 59 82 (-685 4660 32 ) (-685 4289 32 ) (-685 4289 36 ) (-685 4660 36 ) 
4 59 79 (-685 4289 36 ) (-685 4289 197 ) (-685 4660 197 ) (-685 4660 36 ) 
4 59 76 (-685 4289 197 ) (-685 4289 34.229401 ) (-575 4289 34.229401 ) (-575 4289 197 ) 
4 59 77 (-685 4289 34.229401 ) (-685 4289 32 ) (-575 4289 32 ) (-575 4289 34.229401 ) 
4 60 131 (-369.750000 4096 37.229401 ) (-369.750000 4096 34.229401 ) (-356 4096 34.229401 ) (-356 4096 37.229401 ) 
4 60 130 (-356 4096 197 ) (-369.750000 4096 197 ) (-369.750000 4096 37.229401 ) (-356 4096 37.229401 ) 
4 60 74 (-369.750000 4100.470215 34.229401 ) (-369.750000 4096 34.229401 ) (-369.750000 4096 37.229401 ) (-369.750000 4100.470215 37.229401 ) 
4 60 73 (-369.750000 4119.470215 34.229401 ) (-369.750000 4100.470215 34.229401 ) (-369.750000 4100.470215 37.229401 ) (-369.750000 4119.470215 37.229401 ) 
4 60 71 (-369.750000 4119.470215 35.229401 ) (-369.750000 4119.470215 37.229401 ) (-369.750000 4123.470215 37.229401 ) (-369.750000 4123.470215 35.229401 ) 
4 60 70 (-369.750000 4160.470215 34.229401 ) (-369.750000 4123.470215 34.229401 ) (-369.750000 4123.470215 37.229401 ) (-369.750000 4160.470215 37.229401 ) 
4 60 69 (-369.750000 4160.470215 35.229401 ) (-369.750000 4160.470215 37.229401 ) (-369.750000 4164.470215 37.229401 ) (-369.750000 4164.470215 35.229401 ) 
4 60 66 (-369.750000 4241.470215 34.229401 ) (-369.750000 4183.470215 34.229401 ) (-369.750000 4183.470215 37.229401 ) (-369.750000 4241.470215 37.229401 ) 
4 60 65 (-369.750000 4260.470215 34.229401 ) (-369.750000 4241.470215 34.229401 ) (-369.750000 4241.470215 37.229401 ) (-369.750000 4260.470215 37.229401 ) 
4 60 67 (-369.750000 4183.470215 34.229401 ) (-369.750000 4164.470215 34.229401 ) (-369.750000 4164.470215 37.229401 ) (-369.750000 4183.470215 37.229401 ) 
4 60 62 (-369.750000 4289 37.229401 ) (-369.750000 4289 34.229401 ) (-369.750000 4260.470215 34.229401 ) (-369.750000 4260.470215 37.229401 ) 
4 60 61 (-369.750000 4289 197 ) (-369.750000 4289 37.229401 ) (-369.750000 4096 37.229401 ) (-369.750000 4096 197 ) 
4 60 77 (-369.750000 4289 34.229401 ) (-356 4289 34.229401 ) (-356 4096 34.229401 ) (-369.750000 4096 34.229401 ) 
4 61 130 (-369.750000 4096 197 ) (-375.750000 4096 197 ) (-375.750000 4096 37.229401 ) (-369.750000 4096 37.229401 ) 
4 61 133 (-375.750000 4096 197 ) (-573.750000 4096 197 ) (-573.750000 4096 37.229401 ) (-375.750000 4096 37.229401 ) 
4 61 74 (-369.750000 4100.470215 37.229401 ) (-369.750000 4096 37.229401 ) (-372.750000 4096 37.229401 ) (-372.750000 4100.470215 37.229401 ) 
4 61 73 (-375.750000 4119.470215 37.229401 ) (-369.750000 4119.470215 37.229401 ) (-369.750000 4100.470215 37.229401 ) (-375.750000 4100.470215 37.229401 ) 
4 61 75 (-573.750000 4096 37.229401 ) (-573.750000 4119.470215 37.229401 ) (-375.750000 4119.470215 37.229401 ) (-375.750000 4096 37.229401 ) 
4 61 71 (-369.750000 4123.470215 37.229401 ) (-369.750000 4119.470215 37.229401 ) (-572.750000 4119.470215 37.229401 ) (-572.750000 4123.470215 37.229401 ) 
4 61 70 (-572.750000 4160.470215 37.229401 ) (-369.750000 4160.470215 37.229401 ) (-369.750000 4123.470215 37.229401 ) (-572.750000 4123.470215 37.229401 ) 
4 61 72 (-573.750000 4119.470215 37.229401 ) (-573.750000 4160.470215 37.229401 ) (-572.750000 4160.470215 37.229401 ) (-572.750000 4119.470215 37.229401 ) 
4 61 69 (-573.750000 4160.470215 37.229401 ) (-573.750000 4164.470215 37.229401 ) (-369.750000 4164.470215 37.229401 ) (-369.750000 4160.470215 37.229401 ) 
4 61 66 (-369.750000 4241.470215 37.229401 ) (-369.750000 4183.470215 37.229401 ) (-373.750000 4183.470215 37.229401 ) (-373.750000 4241.470215 37.229401 ) 
4 61 65 (-376.750000 4260.470215 37.229401 ) (-369.750000 4260.470215 37.229401 ) (-369.750000 4241.470215 37.229401 ) (-376.750000 4241.470215 37.229401 ) 
4 61 67 (-369.750000 4183.470215 37.229401 ) (-369.750000 4164.470215 37.229401 ) (-376.750000 4164.470215 37.229401 ) (-376.750000 4183.470215 37.229401 ) 
4 61 68 (-573.750000 4164.470215 37.229401 ) (-573.750000 4260.470215 37.229401 ) (-376.750000 4260.470215 37.229401 ) (-376.750000 4164.470215 37.229401 ) 
4 61 64 (-573.750000 4260.470215 37.229401 ) (-573.750000 4264.470215 37.229401 ) (-370.750000 4264.470215 37.229401 ) (-370.750000 4260.470215 37.229401 ) 
4 61 63 (-573.750000 4264.470215 37.229401 ) (-573.750000 4289 37.229401 ) (-370.750000 4289 37.229401 ) (-370.750000 4264.470215 37.229401 ) 
4 61 62 (-370.750000 4289 37.229401 ) (-369.750000 4289 37.229401 ) (-369.750000 4260.470215 37.229401 ) (-370.750000 4260.470215 37.229401 ) 
4 61 76 (-573.750000 4289 197 ) (-573.750000 4289 37.229401 ) (-573.750000 4096 37.229401 ) (-573.750000 4096 197 ) 
4 62 65 (-369.750000 4260.470215 34.229401 ) (-369.750000 4260.470215 37.229401 ) (-370.750000 4260.470215 37.229401 ) (-370.750000 4260.470215 34.229401 ) 
4 62 64 (-370.750000 4260.470215 35.229401 ) (-370.750000 4260.470215 37.229401 ) (-370.750000 4264.470215 37.229401 ) (-370.750000 4264.470215 35.229401 ) 
4 62 63 (-370.750000 4289 34.229401 ) (-370.750000 4264.470215 34.229401 ) (-370.750000 4264.470215 37.229401 ) (-370.750000 4289 37.229401 ) 
4 62 77 (-370.750000 4289 34.229401 ) (-369.750000 4289 34.229401 ) (-369.750000 4260.470215 34.229401 ) (-370.750000 4260.470215 34.229401 ) 
4 63 64 (-370.750000 4264.470215 35.229401 ) (-370.750000 4264.470215 37.229401 ) (-573.750000 4264.470215 37.229401 ) (-573.750000 4264.470215 35.229401 ) 
4 63 76 (-573.750000 4289 37.229401 ) (-573.750000 4289 34.229401 ) (-573.750000 4264.470215 34.229401 ) (-573.750000 4264.470215 37.229401 ) 
4 63 77 (-573.750000 4289 34.229401 ) (-370.750000 4289 34.229401 ) (-370.750000 4264.470215 34.229401 ) (-573.750000 4264.470215 34.229401 ) 
4 64 65 (-370.750000 4260.470215 37.229401 ) (-376.750000 4260.470215 37.229401 ) (-376.750000 4260.470215 35.229401 ) (-370.750000 4260.470215 35.229401 ) 
4 64 68 (-376.750000 4260.470215 37.229401 ) (-573.750000 4260.470215 37.229401 ) (-573.750000 4260.470215 35.229401 ) (-376.750000 4260.470215 35.229401 ) 
4 64 76 (-573.750000 4260.470215 35.229401 ) (-573.750000 4260.470215 37.229401 ) (-573.750000 4264.470215 37.229401 ) (-573.750000 4264.470215 35.229401 ) 
4 65 66 (-370.749969 4241.470215 34.229401 ) (-369.750000 4241.470215 34.229401 ) (-369.750000 4241.470215 37.229401 ) (-373.750000 4241.470215 37.229401 ) 
4 65 77 (-369.750000 4260.470215 34.229401 ) (-369.750000 4241.470215 34.229401 ) (-376.750000 4241.470215 34.229401 ) (-376.750000 4260.470215 34.229401 ) 
4 65 68 (-376.750000 4260.470215 37.229401 ) (-376.750000 4260.470215 34.229401 ) (-376.750000 4241.470215 34.229401 ) (-376.750000 4241.470215 37.229401 ) 
4 66 77 (-369.750000 4241.470215 34.229401 ) (-369.750000 4183.470215 34.229401 ) (-370.749969 4183.470215 34.229401 ) (-370.749969 4241.470215 34.229401 ) 
4 66 67 (-370.749969 4183.470215 34.229401 ) (-369.750000 4183.470215 34.229401 ) (-369.750000 4183.470215 37.229401 ) (-373.750000 4183.470215 37.229401 ) 
4 67 69 (-369.750000 4164.470215 35.229401 ) (-369.750000 4164.470215 37.229401 ) (-376.750000 4164.470215 37.229401 ) (-376.750000 4164.470215 35.229401 ) 
4 67 68 (-376.750000 4183.470215 34.229401 ) (-376.750000 4164.470215 34.229401 ) (-376.750000 4164.470215 37.229401 ) (-376.750000 4183.470215 37.229401 ) 
4 67 77 (-369.750000 4183.470215 34.229401 ) (-369.750000 4164.470215 34.229401 ) (-376.750000 4164.470215 34.229401 ) (-376.750000 4183.470215 34.229401 ) 
4 68 69 (-376.750000 4164.470215 37.229401 ) (-573.750000 4164.470215 37.229401 ) (-573.750000 4164.470215 35.229401 ) (-376.750000 4164.470215 35.229401 ) 
4 68 76 (-573.750000 4260.470215 34.229401 ) (-573.750000 4164.470215 34.229401 ) (-573.750000 4164.470215 37.229401 ) (-573.750000 4260.470215 37.229401 ) 
4 68 77 (-376.750000 4164.470215 34.229401 ) (-573.750000 4164.470215 34.229401 ) (-573.750000 4260.470215 34.229401 ) (-376.750000 4260.470215 34.229401 ) 
4 69 70 (-369.750000 4160.470215 35.229401 ) (-369.750000 4160.470215 37.229401 ) (-572.750000 4160.470215 37.229401 ) (-572.750000 4160.470215 35.229401 ) 
4 69 72 (-572.750000 4160.470215 37.229401 ) (-573.750000 4160.470215 37.229401 ) (-573.750000 4160.470215 35.229401 ) (-572.750000 4160.470215 35.229401 ) 
4 69 76 (-573.750000 4160.470215 35.229401 ) (-573.750000 4160.470215 37.229401 ) (-573.750000 4164.470215 37.229401 ) (-573.750000 4164.470215 35.229401 ) 
4 70 71 (-572.750000 4123.470215 37.229401 ) (-572.750000 4123.470215 35.229401 ) (-369.750000 4123.470215 35.229401 ) (-369.750000 4123.470215 37.229401 ) 
4 70 72 (-572.750000 4160.470215 37.229401 ) (-572.750000 4160.470215 34.229401 ) (-572.750000 4123.470215 34.229401 ) (-572.750000 4123.470215 37.229401 ) 
4 70 77 (-369.750000 4160.470215 34.229401 ) (-369.750000 4123.470215 34.229401 ) (-572.750000 4123.470215 34.229401 ) (-572.750000 4160.470215 34.229401 ) 
4 71 73 (-369.750000 4119.470215 35.229401 ) (-369.750000 4119.470215 37.229401 ) (-375.750000 4119.470215 37.229401 ) (-375.750000 4119.470215 35.229401 ) 
4 71 75 (-375.750000 4119.470215 37.229401 ) (-572.750000 4119.470215 37.229401 ) (-572.750000 4119.470215 35.229401 ) (-375.750000 4119.470215 35.229401 ) 
4 71 72 (-572.750000 4119.470215 35.229401 ) (-572.750000 4119.470215 37.229401 ) (-572.750000 4123.470215 37.229401 ) (-572.750000 4123.470215 35.229401 ) 
4 72 75 (-572.750000 4119.470215 37.229401 ) (-573.750000 4119.470215 37.229401 ) (-573.750000 4119.470215 34.229401 ) (-572.750000 4119.470215 34.229401 ) 
4 72 77 (-572.750000 4119.470215 34.229401 ) (-573.750000 4119.470215 34.229401 ) (-573.750000 4160.470215 34.229401 ) (-572.750000 4160.470215 34.229401 ) 
4 72 76 (-573.750000 4160.470215 34.229401 ) (-573.750000 4119.470215 34.229401 ) (-573.750000 4119.470215 37.229401 ) (-573.750000 4160.470215 37.229401 ) 
3 73 74 (-369.750000 4100.470215 34.229401 ) (-369.750000 4100.470215 37.229401 ) (-372.750000 4100.470215 37.229401 ) 
4 73 75 (-375.750000 4119.470215 37.229401 ) (-375.750000 4119.470215 34.229401 ) (-375.750000 4100.470215 34.229401 ) (-375.750000 4100.470215 37.229401 ) 
4 73 77 (-369.750000 4119.470215 34.229401 ) (-369.750000 4100.470215 34.229401 ) (-375.750000 4100.470215 34.229401 ) (-375.750000 4119.470215 34.229401 ) 
3 74 131 (-369.750000 4096 34.229401 ) (-369.750000 4096 37.229401 ) (-372.750000 4096 37.229401 ) 
4 75 133 (-573.750000 4096 37.229401 ) (-573.750000 4096 34.229401 ) (-375.750000 4096 34.229401 ) (-375.750000 4096 37.229401 ) 
4 75 77 (-375.750000 4096 34.229401 ) (-573.750000 4096 34.229401 ) (-573.750000 4119.470215 34.229401 ) (-375.750000 4119.470215 34.229401 ) 
4 75 76 (-573.750000 4119.470215 34.229401 ) (-573.750000 4096 34.229401 ) (-573.750000 4096 37.229401 ) (-573.750000 4119.470215 37.229401 ) 
4 76 139 (-592 4096 197 ) (-685 4096 197 ) (-685 4096 34.229401 ) (-592 4096 34.229401 ) 
4 76 133 (-573.750000 4096 197 ) (-592 4096 197 ) (-592 4096 34.229401 ) (-573.750000 4096 34.229401 ) 
4 76 82 (-685 4096 34.229401 ) (-685 4096 36 ) (-685 4289 36 ) (-685 4289 34.229401 ) 
4 76 79 (-685 4096 36 ) (-685 4096 197 ) (-685 4289 197 ) (-685 4289 36 ) 
4 76 77 (-685 4096 34.229401 ) (-685 4289 34.229401 ) (-573.750000 4289 34.229401 ) (-573.750000 4096 34.229401 ) 
4 77 139 (-685 4096 34.229401 ) (-685 4096 32 ) (-592 4096 32 ) (-592 4096 34.229401 ) 
4 77 137 (-592 4096 32 ) (-356 4096 32 ) (-356 4096 34.229401 ) (-592 4096 34.229401 ) 
4 77 82 (-685 4289 32 ) (-685 4096 32 ) (-685 4096 34.229401 ) (-685 4289 34.229401 ) 
4 78 81 (-813 4681 36 ) (-685 4681 36 ) (-685 4660 36 ) (-813 4660 36 ) 
4 78 79 (-813 4660 143 ) (-813 4660 36 ) (-685 4660 36 ) (-685 4660 143 ) 
4 79 142 (-793 4096 197 ) (-813 4096 197 ) (-813 4096 36 ) (-793 4096 36 ) 
4 79 141 (-792 4096 197 ) (-793 4096 197 ) (-793 4096 36 ) (-792 4096 36 ) 
4 79 140 (-745 4096 197 ) (-792 4096 197 ) (-792 4096 36 ) (-745 4096 36 ) 
4 79 139 (-685 4096 197 ) (-745 4096 197 ) (-745 4096 36 ) (-685 4096 36 ) 
4 79 82 (-685 4660 36 ) (-685 4096 36 ) (-813 4096 36 ) (-813 4660 36 ) 
4 79 80 (-813 4660 36 ) (-813 4096 36 ) (-813 4096 197 ) (-813 4660 197 ) 
4 80 143 (-984 4096 197 ) (-1024 4096 197 ) (-1024 4096 36 ) (-984 4096 36 ) 
4 80 142 (-813 4096 197 ) (-984 4096 197 ) (-984 4096 36 ) (-813 4096 36 ) 
4 80 110 (-1024 4096 36 ) (-1024 4096 148 ) (-1024 4114 148 ) (-1024 4114 36 ) 
4 80 108 (-1024 4096 148 ) (-1024 4096 197 ) (-1024 4114 197 ) (-1024 4114 148 ) 
4 80 105 (-1024 4114 197 ) (-1024 4172 197 ) (-1024 4172 36 ) (-1024 4114 36 ) 
4 80 103 (-1024 4172 197 ) (-1024 4490 197 ) (-1024 4490 36 ) (-1024 4172 36 ) 
4 80 102 (-1024 4490 197 ) (-1024 4660 197 ) (-1024 4660 36 ) (-1024 4490 36 ) 
3 80 87 (-986 4560 36 ) (-984 4554.666504 36 ) (-984 4544 36 ) 
3 80 86 (-1002 4590 36 ) (-995.512329 4585.366211 36 ) (-992 4576 36 ) 
3 80 85 (-995.512329 4585.366211 36 ) (-984 4577.143066 36 ) (-984 4554.666504 36 ) 
3 80 84 (-1024 4603 36 ) (-1024 4605.714355 36 ) (-1015.998474 4600 36 ) 
4 80 83 (-1024 4605.714355 36 ) (-1024 4660 36 ) (-984 4660 36 ) (-984 4577.143066 36 ) 
4 80 82 (-984 4660 36 ) (-813 4660 36 ) (-813 4096 36 ) (-984 4096 36 ) 
4 81 82 (-813 4660 32 ) (-685 4660 32 ) (-685 4660 36 ) (-813 4660 36 ) 
4 82 142 (-984 4096 32 ) (-793 4096 32 ) (-793 4096 36 ) (-984 4096 36 ) 
4 82 141 (-793 4096 32 ) (-792 4096 32 ) (-792 4096 36 ) (-793 4096 36 ) 
4 82 140 (-792 4096 32 ) (-745 4096 32 ) (-745 4096 36 ) (-792 4096 36 ) 
4 82 139 (-745 4096 32 ) (-685 4096 32 ) (-685 4096 36 ) (-745 4096 36 ) 
4 82 88 (-973 4244 32 ) (-973 4660 32 ) (-831 4660 32 ) (-831 4244 32 ) 
4 82 87 (-984 4554.666504 32 ) (-984 4544 32 ) (-984 4544 36 ) (-984 4554.666504 36 ) 
4 82 85 (-984 4577.143066 32 ) (-984 4554.666504 32 ) (-984 4554.666504 36 ) (-984 4577.143066 36 ) 
4 82 83 (-984 4660 36 ) (-984 4660 32 ) (-984 4577.143066 32 ) (-984 4577.143066 36 ) 
4 83 112 (-1024 4605.714355 36 ) (-1024 4608 36 ) (-1024 4608 32 ) (-1024 4605.714355 32 ) 
4 83 111 (-1024 4608 36 ) (-1024 4660 36 ) (-1024 4660 32 ) (-1024 4608 32 ) 
4 83 86 (-1002.002441 4590.003418 32 ) (-995.513062 4585.368164 32 ) (-995.513062 4585.368164 36 ) (-1002.002441 4590.003418 36 ) 
4 83 85 (-995.513062 4585.368164 32 ) (-984 4577.144531 32 ) (-984 4577.144531 36 ) (-995.513062 4585.368164 36 ) 
4 83 84 (-1024 4605.715820 32 ) (-1015.993835 4599.997070 32 ) (-1015.993835 4599.997070 36 ) (-1024 4605.715820 36 ) 
4 84 113 (-1024 4603 36 ) (-1024 4605 36 ) (-1024 4605 32 ) (-1024 4603 32 ) 
4 84 112 (-1024 4605 36 ) (-1024 4605.714355 36 ) (-1024 4605.714355 32 ) (-1024 4605 32 ) 
4 85 87 (-986 4560.007324 32 ) (-984 4554.671875 32 ) (-984 4554.671875 36 ) (-986 4560.007324 36 ) 
4 85 86 (-995.510681 4585.364258 36 ) (-995.510681 4585.364258 32 ) (-991.997253 4575.996094 32 ) (-991.997253 4575.996094 36 ) 
4 88 89 (-973 4244 30 ) (-973 4660 30 ) (-831 4660 30 ) (-831 4244 30 ) 
4 90 95 (-1024 5727 -57 ) (-1024 5695 -57 ) (-1091.469971 5695 -57 ) (-1091.469971 5727 -57 ) 
4 90 94 (-1091.469971 6144 -57 ) (-1024 6144 -57 ) (-1024 5727 -57 ) (-1091.469971 5727 -57 ) 
4 91 96 (-1040 5694 -57 ) (-1024 5694 -57 ) (-1024 5662 -57 ) (-1040 5662 -57 ) 
4 91 92 (-1040 5662 -57 ) (-1024 5662 -57 ) (-1024 5662 35 ) (-1040 5662 35 ) 
4 92 97 (-1068 5662 -57 ) (-1024 5662 -57 ) (-1024 5611 -57 ) (-1068 5611 -57 ) 
4 92 93 (-1068 5611 165 ) (-1068 5611 -57 ) (-1024 5611 -57 ) (-1024 5611 165 ) 
4 93 98 (-1024 5241.810059 -57 ) (-1024 5206 -57 ) (-1068 5206 -57 ) (-1068 5241.810059 -57 ) 
4 93 97 (-1024 5611 -57 ) (-1024 5241.810059 -57 ) (-1068 5241.810059 -57 ) (-1068 5611 -57 ) 
4 94 95 (-1024 5727 -94 ) (-1024 5727 -57 ) (-1091.469971 5727 -57 ) (-1091.469971 5727 -94 ) 
4 96 97 (-1024 5662 -57 ) (-1040 5662 -57 ) (-1040 5662 -94 ) (-1024 5662 -94 ) 
4 97 98 (-1068 5241.810059 -94 ) (-1024 5241.810059 -94 ) (-1024 5241.810059 -57 ) (-1068 5241.810059 -57 ) 
4 99 103 (-1024 4490 197 ) (-1024 4172 197 ) (-1225 4172 197 ) (-1225 4490 197 ) 
4 99 102 (-1225 4660 197 ) (-1024 4660 197 ) (-1024 4490 197 ) (-1225 4490 197 ) 
4 99 101 (-1224 4172 197 ) (-1024 4172 197 ) (-1024 4172 273 ) (-1224 4172 273 ) 
4 99 100 (-1225 4490 197 ) (-1225 4172 197 ) (-1225 4172 273 ) (-1225 4490 273 ) 
4 100 103 (-1225 4490 197 ) (-1225 4172 197 ) (-1326 4172 197 ) (-1326 4490 197 ) 
4 101 201 (-1024 4096 197 ) (-1024 4096 273 ) (-1224 4096 273 ) (-1224 4096 197 ) 
4 101 109 (-1222 4096 197 ) (-1224 4096 197 ) (-1224 4114 197 ) (-1222 4114 197 ) 
4 101 108 (-1024 4096 197 ) (-1222 4096 197 ) (-1222 4114 197 ) (-1024 4114 197 ) 
4 101 107 (-1224 4114 197 ) (-1224 4115 197 ) (-1222 4115 197 ) (-1222 4114 197 ) 
4 101 106 (-1224 4115 197 ) (-1224 4172 197 ) (-1222 4172 197 ) (-1222 4115 197 ) 
4 101 105 (-1222 4172 197 ) (-1024 4172 197 ) (-1024 4114 197 ) (-1222 4114 197 ) 
3 102 113 (-1024 4605 36 ) (-1024 4603 36 ) (-1032.003540 4606 36 ) 
3 102 112 (-1024 4608 36 ) (-1024 4605 36 ) (-1047.998169 4608 36 ) 
4 102 111 (-1225 4660 36 ) (-1024 4660 36 ) (-1024 4608 36 ) (-1225 4608 36 ) 
4 102 103 (-1225 4490 36 ) (-1024 4490 36 ) (-1024 4490 197 ) (-1225 4490 197 ) 
4 103 106 (-1224 4172 36 ) (-1222 4172 36 ) (-1222 4172 197 ) (-1224 4172 197 ) 
4 103 105 (-1222 4172 36 ) (-1024 4172 36 ) (-1024 4172 197 ) (-1222 4172 197 ) 
4 103 104 (-1326 4427 36 ) (-1326 4235 36 ) (-1326 4235 197 ) (-1326 4427 197 ) 
4 104 114 (-1334 4235 197 ) (-1334 4427 197 ) (-1334 4427 36 ) (-1334 4235 36 ) 
4 105 110 (-1222 4114 36 ) (-1024 4114 36 ) (-1024 4114 148 ) (-1222 4114 148 ) 
4 105 108 (-1024 4114 148 ) (-1024 4114 197 ) (-1222 4114 197 ) (-1222 4114 148 ) 
4 105 107 (-1222 4114 149 ) (-1222 4114 197 ) (-1222 4115 197 ) (-1222 4115 149 ) 
4 105 106 (-1222 4172 197 ) (-1222 4172 36 ) (-1222 4115 36 ) (-1222 4115 197 ) 
4 106 107 (-1222 4115 149 ) (-1222 4115 197 ) (-1224 4115 197 ) (-1224 4115 149 ) 
4 107 109 (-1222 4114 149 ) (-1222 4114 197 ) (-1224 4114 197 ) (-1224 4114 149 ) 
4 108 203 (-1024 4096 148 ) (-1024 4096 197 ) (-1222 4096 197 ) (-1222 4096 148 ) 
4 108 110 (-1222 4114 148 ) (-1024 4114 148 ) (-1024 4096 148 ) (-1222 4096 148 ) 
4 108 109 (-1222 4114 197 ) (-1222 4114 149 ) (-1222 4096 149 ) (-1222 4096 197 ) 
4 109 204 (-1222 4096 197 ) (-1224 4096 197 ) (-1224 4096 149 ) (-1222 4096 149 ) 
4 110 205 (-1024 4096 36 ) (-1024 4096 148 ) (-1223 4096 148 ) (-1223 4096 36 ) 
4 111 112 (-1047.998169 4608 32 ) (-1024 4608 32 ) (-1024 4608 36 ) (-1047.998169 4608 36 ) 
4 112 113 (-1031.997681 4605.998535 32 ) (-1024 4605 32 ) (-1024 4605 36 ) (-1031.997681 4605.998535 36 ) 
4 115 140 (-748 4011 197 ) (-748 4096 197 ) (-745 4096 197 ) (-745 4011 197 ) 
4 115 139 (-745 4096 197 ) (-592 4096 197 ) (-592 4011 197 ) (-745 4011 197 ) 
4 115 138 (-356 4019.470215 197 ) (-356 4011 197 ) (-592 4011 197 ) (-592 4019.470215 197 ) 
4 115 135 (-368.750000 4019.470215 197 ) (-572.750000 4019.470215 197 ) (-572.750000 4023.470215 197 ) (-368.750000 4023.470215 197 ) 
4 115 134 (-356 4023.470215 197 ) (-356 4019.470215 197 ) (-368.750000 4019.470215 197 ) (-368.750000 4023.470215 197 ) 
4 115 136 (-572.750000 4019.470215 197 ) (-592 4019.470215 197 ) (-592 4023.470215 197 ) (-572.750000 4023.470215 197 ) 
4 115 130 (-375.750000 4096 197 ) (-356 4096 197 ) (-356 4042.470215 197 ) (-375.750000 4042.470215 197 ) 
4 115 132 (-356 4042.470215 197 ) (-356 4023.470215 197 ) (-375.750000 4023.470215 197 ) (-375.750000 4042.470215 197 ) 
4 115 133 (-592 4096 197 ) (-375.750000 4096 197 ) (-375.750000 4023.470215 197 ) (-592 4023.470215 197 ) 
4 115 122 (-748 4096 197 ) (-748 4011 197 ) (-748 4011 216 ) (-748 4096 216 ) 
4 115 120 (-748 4011 216 ) (-748 4011 260 ) (-748 4096 260 ) (-748 4096 216 ) 
4 115 118 (-748 4011 260 ) (-748 4011 273 ) (-748 4096 273 ) (-748 4096 260 ) 
4 116 144 (-593 3951 197 ) (-593 3755 197 ) (-745 3755 197 ) (-745 3951 197 ) 
4 117 164 (-748 3420 197 ) (-748 3495 197 ) (-713 3495 197 ) (-713 3420 197 ) 
4 117 161 (-748 3495 197 ) (-748 3628 197 ) (-713 3628 197 ) (-713 3495 197 ) 
4 117 160 (-748 3628 197 ) (-748 3684 197 ) (-713 3684 197 ) (-713 3628 197 ) 
4 117 158 (-557 3420 197 ) (-581 3420 197 ) (-581 3649 197 ) (-557 3649 197 ) 
4 117 159 (-581 3420 197 ) (-713 3420 197 ) (-713 3649 197 ) (-581 3649 197 ) 
4 117 156 (-713 3684 197 ) (-557 3684 197 ) (-557 3649 197 ) (-713 3649 197 ) 
4 117 124 (-748 3683 197 ) (-748 3420 197 ) (-748 3420 273 ) (-748 3683 273 ) 
4 117 123 (-748 3684 197 ) (-748 3683 197 ) (-748 3683 216 ) (-748 3684 216 ) 
4 117 119 (-748 3683 260 ) (-748 3683 273 ) (-748 3684 273 ) (-748 3684 260 ) 
4 118 125 (-792 4011 273 ) (-792 4096 273 ) (-792 4096 260 ) (-792 4011 260 ) 
4 118 120 (-792 4011 260 ) (-792 4096 260 ) (-748 4096 260 ) (-748 4011 260 ) 
4 119 127 (-792 3683 260 ) (-792 3683 273 ) (-792 3684 273 ) (-792 3684 260 ) 
4 119 124 (-792 3683 273 ) (-792 3683 260 ) (-748 3683 260 ) (-748 3683 273 ) 
4 120 125 (-792 4011 260 ) (-792 4096 260 ) (-792 4096 216 ) (-792 4011 216 ) 
4 120 122 (-792 4011 216 ) (-792 4096 216 ) (-748 4096 216 ) (-748 4011 216 ) 
4 121 124 (-750 3683 258 ) (-790 3683 258 ) (-790 3683 218 ) (-750 3683 218 ) 
4 122 140 (-792 4011 197 ) (-792 4096 197 ) (-748 4096 197 ) (-748 4011 197 ) 
4 122 125 (-792 4096 197 ) (-792 4011 197 ) (-792 4011 216 ) (-792 4096 216 ) 
4 123 160 (-792 3683 197 ) (-792 3684 197 ) (-748 3684 197 ) (-748 3683 197 ) 
4 123 127 (-792 3684 197 ) (-792 3683 197 ) (-792 3683 216 ) (-792 3684 216 ) 
4 123 124 (-792 3683 216 ) (-792 3683 197 ) (-748 3683 197 ) (-748 3683 216 ) 
4 124 164 (-792 3420 197 ) (-792 3495 197 ) (-748 3495 197 ) (-748 3420 197 ) 
4 124 161 (-792 3495 197 ) (-792 3628 197 ) (-748 3628 197 ) (-748 3495 197 ) 
4 124 160 (-792 3628 197 ) (-792 3683 197 ) (-748 3683 197 ) (-748 3628 197 ) 
4 124 129 (-792 3495 197 ) (-792 3420 197 ) (-792 3420 273 ) (-792 3495 273 ) 
4 124 127 (-792 3683 197 ) (-792 3495 197 ) (-792 3495 273 ) (-792 3683 273 ) 
4 125 201 (-1024 4096 273 ) (-1024 4096 197 ) (-1024 4011 197 ) (-1024 4011 273 ) 
4 125 143 (-1024 4011 197 ) (-1024 4096 197 ) (-984 4096 197 ) (-984 4011 197 ) 
4 125 142 (-984 4096 197 ) (-793 4096 197 ) (-793 4011 197 ) (-984 4011 197 ) 
4 125 141 (-793 4096 197 ) (-792 4096 197 ) (-792 4012 197 ) (-793 4012 197 ) 
4 126 145 (-944 4010 197 ) (-793 4010 197 ) (-793 3700 197 ) (-944 3700 197 ) 
4 127 161 (-792 3628 197 ) (-792 3495 197 ) (-979 3495 197 ) (-979 3628 197 ) 
4 127 160 (-979 3684 197 ) (-792 3684 197 ) (-792 3628 197 ) (-979 3628 197 ) 
4 127 129 (-979 3495 197 ) (-792 3495 197 ) (-792 3495 273 ) (-979 3495 273 ) 
4 127 128 (-979 3627 197 ) (-979 3495 197 ) (-979 3495 273 ) (-979 3627 273 ) 
4 128 202 (-1024 3627 197 ) (-1024 3495 197 ) (-1024 3495 273 ) (-1024 3627 273 ) 
4 128 163 (-1024 3495 197 ) (-1024 3627 197 ) (-982 3627 197 ) (-982 3495 197 ) 
4 128 162 (-982 3627 197 ) (-979 3627 197 ) (-979 3495 197 ) (-982 3495 197 ) 
4 128 129 (-981 3495 197 ) (-979 3495 197 ) (-979 3495 273 ) (-981 3495 273 ) 
4 129 164 (-981 3495 197 ) (-792 3495 197 ) (-792 3420 197 ) (-981 3420 197 ) 
4 130 131 (-356 4042.470215 37.229401 ) (-372.750000 4042.470215 37.229401 ) (-372.750000 4096 37.229401 ) (-356 4096 37.229401 ) 
4 130 132 (-375.750000 4042.470215 197 ) (-375.750000 4042.470215 37.229401 ) (-356 4042.470215 37.229401 ) (-356 4042.470215 197 ) 
4 130 133 (-375.750000 4042.470215 37.229401 ) (-375.750000 4042.470215 197 ) (-375.750000 4096 197 ) (-375.750000 4096 37.229401 ) 
4 131 137 (-369.750000 4096 34.229401 ) (-356 4096 34.229401 ) (-356 4042.470215 34.229401 ) (-369.750000 4042.470215 34.229401 ) 
4 131 132 (-369.750000 4042.470215 34.229401 ) (-356 4042.470215 34.229401 ) (-356 4042.470215 37.229401 ) (-372.750000 4042.470215 37.229401 ) 
4 132 135 (-368.750000 4023.470215 35.229401 ) (-368.750000 4023.470215 197 ) (-375.750000 4023.470215 197 ) (-375.750000 4023.470215 35.229401 ) 
4 132 134 (-368.750000 4023.470215 34.229401 ) (-356 4023.470215 34.229401 ) (-356 4023.470215 197 ) (-368.750000 4023.470215 197 ) 
4 132 133 (-375.750000 4042.470215 34.229401 ) (-375.750000 4023.470215 34.229401 ) (-375.750000 4023.470215 197 ) (-375.750000 4042.470215 197 ) 
4 132 137 (-356 4042.470215 34.229401 ) (-356 4023.470215 34.229401 ) (-375.750000 4023.470215 34.229401 ) (-375.750000 4042.470215 34.229401 ) 
4 133 139 (-592 4023.470215 197 ) (-592 4096 197 ) (-592 4096 34.229401 ) (-592 4023.470215 34.229401 ) 
4 133 135 (-375.750000 4023.470215 35.229401 ) (-375.750000 4023.470215 197 ) (-572.750000 4023.470215 197 ) (-572.750000 4023.470215 35.229401 ) 
4 133 136 (-592 4023.470215 197 ) (-592 4023.470215 34.229401 ) (-572.750000 4023.470215 34.229401 ) (-572.750000 4023.470215 197 ) 
4 133 137 (-592 4023.470215 34.229401 ) (-592 4096 34.229401 ) (-375.750000 4096 34.229401 ) (-375.750000 4023.470215 34.229401 ) 
4 134 138 (-368.750000 4019.470215 34.229401 ) (-356 4019.470215 34.229401 ) (-356 4019.470215 197 ) (-368.750000 4019.470215 197 ) 
4 134 135 (-368.750000 4023.470215 197 ) (-368.750000 4023.470215 35.229401 ) (-368.750000 4019.470215 35.229401 ) (-368.750000 4019.470215 197 ) 
4 134 137 (-356 4019.470215 34.229401 ) (-368.750000 4019.470215 34.229401 ) (-368.750000 4023.470215 34.229401 ) (-356 4023.470215 34.229401 ) 
4 135 138 (-368.750000 4019.470215 35.229401 ) (-368.750000 4019.470215 197 ) (-572.750000 4019.470215 197 ) (-572.750000 4019.470215 35.229401 ) 
4 135 136 (-572.750000 4023.470215 197 ) (-572.750000 4023.470215 35.229401 ) (-572.750000 4019.470215 35.229401 ) (-572.750000 4019.470215 197 ) 
4 136 139 (-592 4019.470215 34.229401 ) (-592 4019.470215 197 ) (-592 4023.470215 197 ) (-592 4023.470215 34.229401 ) 
4 136 138 (-592 4019.470215 197 ) (-592 4019.470215 34.229401 ) (-572.750000 4019.470215 34.229401 ) (-572.750000 4019.470215 197 ) 
4 136 137 (-572.750000 4019.470215 34.229401 ) (-592 4019.470215 34.229401 ) (-592 4023.470215 34.229401 ) (-572.750000 4023.470215 34.229401 ) 
4 137 139 (-592 4096 32 ) (-592 4019.470215 32 ) (-592 4019.470215 34.229401 ) (-592 4096 34.229401 ) 
4 137 138 (-592 4019.470215 34.229401 ) (-592 4019.470215 32 ) (-356 4019.470215 32 ) (-356 4019.470215 34.229401 ) 
4 138 139 (-592 4019.470215 32 ) (-592 4011 32 ) (-592 4011 197 ) (-592 4019.470215 197 ) 
4 139 144 (-745 4010 32 ) (-593 4010 32 ) (-593 4010 197 ) (-745 4010 197 ) 
4 139 140 (-745 4096 32 ) (-745 4011 32 ) (-745 4011 197 ) (-745 4096 197 ) 
4 140 141 (-792 4096 32 ) (-792 4012 32 ) (-792 4012 197 ) (-792 4096 197 ) 
4 141 142 (-793 4096 32 ) (-793 4012 32 ) (-793 4012 197 ) (-793 4096 197 ) 
4 142 143 (-984 4011 36 ) (-984 4011 197 ) (-984 4096 197 ) (-984 4096 36 ) 
4 143 206 (-1024 4058 36 ) (-1024 4011 36 ) (-1024 4011 197 ) (-1024 4058 197 ) 
4 143 205 (-1024 4096 148 ) (-1024 4096 36 ) (-1024 4058 36 ) (-1024 4058 148 ) 
4 143 203 (-1024 4096 197 ) (-1024 4096 148 ) (-1024 4058 148 ) (-1024 4058 197 ) 
4 144 149 (-733 3700 32 ) (-605 3700 32 ) (-605 3700 144 ) (-733 3700 144 ) 
4 145 152 (-933 3700 32 ) (-804 3700 32 ) (-804 3700 144 ) (-933 3700 144 ) 
4 146 149 (-733 3693 144 ) (-733 3695 144 ) (-605 3695 144 ) (-605 3693 144 ) 
4 146 147 (-733 3693 144 ) (-605 3693 144 ) (-605 3693 195 ) (-733 3693 195 ) 
4 147 150 (-733 3692 144 ) (-733 3693 144 ) (-605 3693 144 ) (-605 3692 144 ) 
4 147 148 (-733 3692 144 ) (-605 3692 144 ) (-605 3692 195 ) (-733 3692 195 ) 
4 148 151 (-733 3689 144 ) (-733 3692 144 ) (-605 3692 144 ) (-605 3689 144 ) 
4 149 150 (-605 3693 32 ) (-605 3693 144 ) (-733 3693 144 ) (-733 3693 32 ) 
4 150 151 (-605 3692 32 ) (-605 3692 144 ) (-733 3692 144 ) (-733 3692 32 ) 
4 151 160 (-733 3684 32 ) (-713 3684 32 ) (-713 3684 144 ) (-733 3684 144 ) 
4 151 156 (-713 3684 32 ) (-605 3684 32 ) (-605 3684 144 ) (-713 3684 144 ) 
4 152 160 (-933 3684 32 ) (-804 3684 32 ) (-804 3684 144 ) (-933 3684 144 ) 
4 153 154 (-500 3481 151 ) (-500 3481 32 ) (-492 3481 32 ) (-492 3481 151 ) 
4 153 155 (-500 3649 151 ) (-500 3649 32 ) (-500 3481 32 ) (-500 3481 151 ) 
4 154 155 (-500 3453 32 ) (-500 3453 161 ) (-500 3481 161 ) (-500 3481 32 ) 
4 155 157 (-556 3649 32 ) (-556 3454 32 ) (-556 3454 161 ) (-556 3649 161 ) 
4 156 160 (-713 3684 197 ) (-713 3684 32 ) (-713 3649 32 ) (-713 3649 197 ) 
4 156 158 (-581 3649 32 ) (-557 3649 32 ) (-557 3649 197 ) (-581 3649 197 ) 
4 156 159 (-713 3649 197 ) (-713 3649 32 ) (-581 3649 32 ) (-581 3649 197 ) 
4 157 158 (-557 3649 161 ) (-557 3649 32 ) (-557 3454 32 ) (-557 3454 161 ) 
4 158 159 (-581 3649 197 ) (-581 3649 32 ) (-581 3134.303223 32 ) (-581 3134.303467 197 ) 
4 159 182 (-713 3072 37 ) (-713 3072 32 ) (-581 3072 32 ) (-581 3072 37 ) 
4 159 180 (-713 3072 193 ) (-713 3072 37 ) (-581 3072 37 ) (-581 3072 193 ) 
4 159 168 (-581 3072 197 ) (-713 3072 197 ) (-713 3072 193 ) (-581 3072 193 ) 
4 159 166 (-713 3416.700195 32 ) (-713 3413.400146 32 ) (-713 3413.400146 197 ) (-713 3416.700195 197 ) 
4 159 165 (-713 3420 32 ) (-713 3416.700195 32 ) (-713 3416.700195 197 ) (-713 3420 197 ) 
4 159 164 (-713 3495 32 ) (-713 3420 32 ) (-713 3420 197 ) (-713 3495 197 ) 
4 159 161 (-713 3628 32 ) (-713 3495 32 ) (-713 3495 197 ) (-713 3628 197 ) 
4 159 160 (-713 3649 32 ) (-713 3628 32 ) (-713 3628 197 ) (-713 3649 197 ) 
4 160 161 (-979 3628 32 ) (-713 3628 32 ) (-713 3628 197 ) (-979 3628 197 ) 
4 161 164 (-979 3495 32 ) (-713 3495 32 ) (-713 3495 197 ) (-979 3495 197 ) 
4 161 162 (-979 3627 32 ) (-979 3495 32 ) (-979 3495 197 ) (-979 3627 197 ) 
4 162 164 (-981 3495 32 ) (-979 3495 32 ) (-979 3495 197 ) (-981 3495 197 ) 
4 162 163 (-982 3495 36 ) (-982 3495 197 ) (-982 3627 197 ) (-982 3627 36 ) 
4 163 217 (-1024 3495 36 ) (-1024 3495 197 ) (-1024 3534 197 ) (-1024 3534 36 ) 
4 163 214 (-1024 3584 145 ) (-1024 3584 36 ) (-1024 3534 36 ) (-1024 3534 145 ) 
4 163 212 (-1024 3534 197 ) (-1024 3584 197 ) (-1024 3584 145 ) (-1024 3534 145 ) 
4 163 209 (-1024 3584 197 ) (-1024 3627 197 ) (-1024 3627 36 ) (-1024 3584 36 ) 
4 164 165 (-719.599609 3420 32 ) (-713 3420 32 ) (-713 3420 197 ) (-719.599670 3420 197 ) 
4 165 166 (-715.199402 3417.798828 32 ) (-713 3416.699219 32 ) (-713 3416.699219 197 ) (-715.199402 3417.798828 197 ) 
4 167 193 (-556 2545 193 ) (-556 2532 193 ) (-581 2532 193 ) (-581 2545 193 ) 
4 167 189 (-558 2545 193 ) (-581 2545 193 ) (-581 2589 193 ) (-558 2589 193 ) 
4 167 186 (-556 2589 193 ) (-556 2545 193 ) (-558 2545 193 ) (-558 2589 193 ) 
4 167 179 (-556 2947 193 ) (-556 2589 193 ) (-581 2589 193 ) (-581 2947 193 ) 
4 167 168 (-581 2947 193 ) (-581 2532 193 ) (-581 2532 197 ) (-581 2947 197 ) 
4 168 193 (-581 2545 193 ) (-581 2532 193 ) (-713 2532 193 ) (-713 2545 193 ) 
4 168 189 (-581 2589 193 ) (-581 2545 193 ) (-713 2545 193 ) (-713 2589 193 ) 
4 168 180 (-713 3072 193 ) (-581 3072 193 ) (-581 2589 193 ) (-713 2589 193 ) 
4 169 190 (-305 2589 28 ) (-249 2589 28 ) (-249 2589 139 ) (-305 2589 139 ) 
4 169 187 (-249 2589 139 ) (-249 2589 183 ) (-305 2589 183 ) (-305 2589 139 ) 
4 169 185 (-249 2589 183 ) (-249 2589 193 ) (-305 2589 193 ) (-305 2589 183 ) 
4 169 172 (-305 2725 28 ) (-305 2589 28 ) (-305 2589 137 ) (-305 2725 137 ) 
4 169 170 (-305 2589 137 ) (-305 2589 193 ) (-305 2730 193 ) (-305 2730 137 ) 
4 170 190 (-305 2589 137 ) (-305 2589 139 ) (-354 2589 139 ) (-354 2589 137 ) 
4 170 187 (-305 2589 139 ) (-305 2589 183 ) (-354 2589 183 ) (-354 2589 139 ) 
4 170 185 (-305 2589 183 ) (-305 2589 193 ) (-354 2589 193 ) (-354 2589 183 ) 
4 170 176 (-354 2730 137 ) (-354 2725 137 ) (-354 2725 193 ) (-354 2730 193 ) 
4 170 177 (-354 2725 137 ) (-354 2589 137 ) (-354 2589 193 ) (-354 2725 193 ) 
4 170 175 (-354 2589 137 ) (-354 2725 137 ) (-306 2725 137 ) (-306 2589 137 ) 
4 170 172 (-305 2725 137 ) (-305 2589 137 ) (-306 2589 137 ) (-306 2725 137 ) 
4 171 173 (-306 2731 137 ) (-306 2732 137 ) (-306 2732 28 ) (-306 2731 28 ) 
4 172 190 (-306 2589 28 ) (-305 2589 28 ) (-305 2589 137 ) (-306 2589 137 ) 
4 172 175 (-306 2589 28 ) (-306 2589 137 ) (-306 2725 137 ) (-306 2725 28 ) 
4 173 174 (-306 2731 28 ) (-306 2731 136 ) (-354 2731 136 ) (-354 2731 28 ) 
4 174 175 (-306 2725 28 ) (-306 2725 136 ) (-354 2725 136 ) (-354 2725 28 ) 
4 175 190 (-354 2589 28 ) (-306 2589 28 ) (-306 2589 137 ) (-354 2589 137 ) 
4 175 177 (-354 2725 28 ) (-354 2589 28 ) (-354 2589 137 ) (-354 2725 137 ) 
4 176 177 (-355 2725 193 ) (-355 2725 137 ) (-354 2725 137 ) (-354 2725 193 ) 
4 176 178 (-355 2730 193 ) (-355 2730 137 ) (-355 2725 137 ) (-355 2725 193 ) 
4 177 190 (-355 2589 28 ) (-354 2589 28 ) (-354 2589 139 ) (-355 2589 139 ) 
4 177 187 (-354 2589 139 ) (-354 2589 183 ) (-355 2589 183 ) (-355 2589 139 ) 
4 177 185 (-354 2589 183 ) (-354 2589 193 ) (-355 2589 193 ) (-355 2589 183 ) 
4 177 178 (-355 2725 28 ) (-355 2589 28 ) (-355 2589 193 ) (-355 2725 193 ) 
4 178 190 (-409 2589 28 ) (-355 2589 28 ) (-355 2589 139 ) (-409 2589 139 ) 
4 178 187 (-355 2589 139 ) (-355 2589 183 ) (-408 2589 183 ) (-408 2589 139 ) 
4 178 185 (-355 2589 183 ) (-355 2589 193 ) (-409 2589 193 ) (-409 2589 183 ) 
4 179 191 (-556 2589 32 ) (-556 2589 139 ) (-581 2589 139 ) (-581 2589 32 ) 
4 179 189 (-558 2589 193 ) (-581 2589 193 ) (-581 2589 139 ) (-558 2589 139 ) 
4 179 186 (-556 2589 183 ) (-556 2589 193 ) (-558 2589 193 ) (-558 2589 183 ) 
4 179 184 (-581 2876.489502 32 ) (-581 2870.909180 32 ) (-581 2870.909180 37 ) (-581 2876.489502 37 ) 
4 179 182 (-581 2947 32 ) (-581 2876.489502 32 ) (-581 2876.489502 37 ) (-581 2947 37 ) 
4 179 181 (-581 2870.909180 32 ) (-581 2589 32 ) (-581 2589 37 ) (-581 2870.909180 37 ) 
4 179 180 (-581 2589 37 ) (-581 2589 193 ) (-581 2947 193 ) (-581 2947 37 ) 
4 180 191 (-713 2589 139 ) (-713 2589 37 ) (-581 2589 37 ) (-581 2589 139 ) 
4 180 189 (-581 2589 193 ) (-713 2589 193 ) (-713 2589 139 ) (-581 2589 139 ) 
4 180 184 (-621 2919.791992 37 ) (-581 2876.489502 37 ) (-581 2870.909180 37 ) (-623.570496 2917 37 ) 
4 180 183 (-713 3013.826904 37 ) (-713 3019.391602 37 ) (-630.428467 2930 37 ) (-633 2927.209961 37 ) 
4 180 182 (-713 3019.391602 37 ) (-713 3072 37 ) (-581 3072 37 ) (-581 2876.489502 37 ) 
4 180 181 (-713 2589 37 ) (-713 3013.826904 37 ) (-581 2870.909180 37 ) (-581 2589 37 ) 
4 181 191 (-713 2589 37 ) (-713 2589 32 ) (-581 2589 32 ) (-581 2589 37 ) 
4 181 184 (-623.569946 2917.001221 37 ) (-581 2870.910156 37 ) (-581 2870.910156 32 ) (-623.569458 2917 32 ) 
4 181 183 (-713 3013.828125 32 ) (-713 3013.828125 37 ) (-633 2927.210449 37 ) (-633 2927.210449 32 ) 
4 182 184 (-581 2876.484375 32 ) (-581 2876.484375 37 ) (-621.001404 2919.789551 37 ) (-621 2919.789063 32 ) 
4 182 183 (-630.430786 2929.997803 37 ) (-713 3019.386719 37 ) (-713 3019.386719 32 ) (-630.430786 2929.997803 32 ) 
4 185 192 (-249 2545 193 ) (-409 2545 193 ) (-409 2545 183 ) (-249 2545 183 ) 
4 185 187 (-249 2545 183 ) (-408 2545 183 ) (-408 2589 183 ) (-249 2589 183 ) 
4 186 193 (-556 2545 193 ) (-558 2545 193 ) (-558 2545 183 ) (-556 2545 183 ) 
4 186 189 (-558 2589 193 ) (-558 2589 183 ) (-558 2545 183 ) (-558 2545 193 ) 
4 187 192 (-249 2545 183 ) (-408 2545 183 ) (-408 2545 139 ) (-249 2545 139 ) 
4 187 190 (-249 2545 139 ) (-408 2545 139 ) (-408 2589 139 ) (-249 2589 139 ) 
4 187 188 (-408 2547 181 ) (-408 2587 181 ) (-408 2587 141 ) (-408 2547 141 ) 
4 188 189 (-558 2547 181 ) (-558 2587 181 ) (-558 2587 141 ) (-558 2547 141 ) 
4 189 194 (-713 2545 144.167023 ) (-713 2545 139 ) (-558 2545 139 ) (-558 2545 144.167023 ) 
4 189 193 (-558 2545 193 ) (-713 2545 193 ) (-713 2545 144.167023 ) (-558 2545 144.167023 ) 
4 189 191 (-558 2545 139 ) (-713 2545 139 ) (-713 2589 139 ) (-558 2589 139 ) 
4 190 192 (-409 2545 28 ) (-249 2545 28 ) (-249 2545 139 ) (-409 2545 139 ) 
4 191 194 (-556 2545 32 ) (-556 2545 139 ) (-713 2545 139 ) (-713 2545 32 ) 
4 192 197 (-409 2519 28 ) (-249 2519 28 ) (-249 2519 193 ) (-409 2519 193 ) 
4 193 194 (-713 2545 144.167023 ) (-556 2545 144.167023 ) (-556 2532 144.167023 ) (-713 2532 144.167023 ) 
4 194 195 (-698 2532 32 ) (-570 2532 32 ) (-570 2532 144.167023 ) (-698 2532 144.167023 ) 
4 195 196 (-698 2532 32.166801 ) (-570 2532 32.166801 ) (-570 2519 32.166801 ) (-698 2519 32.166801 ) 
4 197 198 (-355 2437 28 ) (-306 2437 28 ) (-306 2437 137 ) (-355 2437 137 ) 
4 198 199 (-355 2435 28 ) (-306 2435 28 ) (-306 2435 137 ) (-355 2435 137 ) 
4 199 200 (-373 2398 28 ) (-291 2398 28 ) (-291 2398 193 ) (-373 2398 193 ) 
4 201 208 (-1222 4011 197 ) (-1224 4011 197 ) (-1224 4057 197 ) (-1222 4057 197 ) 
4 201 207 (-1224 4057 197 ) (-1224 4058 197 ) (-1222 4058 197 ) (-1222 4057 197 ) 
4 201 206 (-1024 4058 197 ) (-1024 4011 197 ) (-1222 4011 197 ) (-1222 4058 197 ) 
4 201 204 (-1224 4096 197 ) (-1222 4096 197 ) (-1222 4058 197 ) (-1224 4058 197 ) 
4 201 203 (-1222 4096 197 ) (-1024 4096 197 ) (-1024 4058 197 ) (-1222 4058 197 ) 
4 202 217 (-1024 3534 197 ) (-1024 3495 197 ) (-1028 3495 197 ) (-1028 3534 197 ) 
4 202 212 (-1024 3584 197 ) (-1024 3534 197 ) (-1028 3534 197 ) (-1028 3584 197 ) 
4 202 209 (-1028 3627 197 ) (-1024 3627 197 ) (-1024 3584 197 ) (-1028 3584 197 ) 
4 203 206 (-1024 4058 148 ) (-1024 4058 197 ) (-1222 4058 197 ) (-1222 4058 148 ) 
4 203 205 (-1024 4058 148 ) (-1222 4058 148 ) (-1222 4096 148 ) (-1024 4096 148 ) 
4 203 204 (-1222 4058 149 ) (-1222 4058 197 ) (-1222 4096 197 ) (-1222 4096 149 ) 
4 204 207 (-1222 4058 197 ) (-1224 4058 197 ) (-1224 4058 149 ) (-1222 4058 149 ) 
4 205 206 (-1222 4058 36 ) (-1024 4058 36 ) (-1024 4058 148 ) (-1222 4058 148 ) 
4 206 208 (-1222 4057 36 ) (-1222 4011 36 ) (-1222 4011 197 ) (-1222 4057 197 ) 
4 206 207 (-1222 4058 197 ) (-1222 4058 149 ) (-1222 4057 149 ) (-1222 4057 197 ) 
4 207 208 (-1222 4057 149 ) (-1222 4057 197 ) (-1224 4057 197 ) (-1224 4057 149 ) 
4 209 214 (-1027 3584 36 ) (-1024 3584 36 ) (-1024 3584 145 ) (-1027 3584 145 ) 
4 209 212 (-1024 3584 145 ) (-1024 3584 197 ) (-1028 3584 197 ) (-1028 3584 145 ) 
4 210 216 (-1147 3584 36 ) (-1039 3584 36 ) (-1039 3584 145 ) (-1147 3584 145 ) 
4 210 213 (-1029 3584 145 ) (-1029 3584 197 ) (-1147 3584 197 ) (-1147 3584 145 ) 
4 210 211 (-1147 3627 36 ) (-1147 3584 36 ) (-1147 3584 197 ) (-1147 3627 197 ) 
4 211 219 (-1265 3729 36 ) (-1147 3729 36 ) (-1147 3628 36 ) (-1265 3628 36 ) 
4 211 216 (-1265 3584 36 ) (-1147 3584 36 ) (-1147 3584 145 ) (-1265 3584 145 ) 
4 211 213 (-1147 3584 145 ) (-1147 3584 197 ) (-1265 3584 197 ) (-1265 3584 145 ) 
4 212 217 (-1024 3534 145 ) (-1024 3534 197 ) (-1028 3534 197 ) (-1028 3534 145 ) 
4 212 214 (-1024 3534 145 ) (-1027 3534 145 ) (-1027 3584 145 ) (-1024 3584 145 ) 
4 213 218 (-1029 3534 197 ) (-1265 3534 197 ) (-1265 3534 145 ) (-1029 3534 145 ) 
4 213 216 (-1039 3534 145 ) (-1265 3534 145 ) (-1265 3584 145 ) (-1039 3584 145 ) 
4 214 217 (-1027 3534 36 ) (-1024 3534 36 ) (-1024 3534 145 ) (-1027 3534 145 ) 
4 214 215 (-1027 3583 144 ) (-1027 3583 36 ) (-1027 3535 36 ) (-1027 3535 144 ) 
4 215 216 (-1039 3583 144 ) (-1039 3583 36 ) (-1039 3535 36 ) (-1039 3535 144 ) 
4 216 218 (-1265 3534 36 ) (-1039 3534 36 ) (-1039 3534 145 ) (-1265 3534 145 ) 
